HighwayLayerLogX,"C:\Users\wikenrl\Desktop\Networks\June_Review\highway.net",9,64,8/3/2020 11:14:18 AM
Node,N,OSM_NODE_ID[10],DRIVE_NODE,WALK_NODE,BIKE_NODE,BUS_ONLY,RAIL_ONLY,X,Y
Link,A,B,BIKE_ACCESS,BUS_ONLY,DISTANCE,DRIVE_ACCESS,MANAGED,MODEL_LINK_ID,NAME[111],RAIL_ONLY,ROADWAY[33],SEGMENT_ID,SHSTGEOMETRYID[32],TRUCK_ACCESS,WALK_ACCESS,AREA_TYPE,COUNTY,CENTROIDCONNECT,MPO,ASSIGN_GROUP,ROADWAY_CLASS,AADT,COUNT_AM,COUNT_MD,COUNT_PM,COUNT_NT,COUNT_DAILY,COUNT_YEAR,TRN_PRIORITY_AM,TRN_PRIORITY_MD,TRN_PRIORITY_PM,TRN_PRIORITY_NT,TTIME_ASSERT_AM,TTIME_ASSERT_MD,TTIME_ASSERT_PM,TTIME_ASSERT_NT,LANES_AM,LANES_MD,LANES_PM,LANES_NT,ML_LANES_AM,ML_LANES_MD,ML_LANES_PM,ML_LANES_NT,PRICE_SOV_AM,PRICE_HOV2_AM,PRICE_HOV3_AM,PRICE_TRUCK_AM,PRICE_SOV_MD,PRICE_HOV2_MD,PRICE_HOV3_MD,PRICE_TRUCK_MD,PRICE_SOV_PM,PRICE_HOV2_PM,PRICE_HOV3_PM,PRICE_TRUCK_PM,PRICE_SOV_NT,PRICE_HOV2_NT,PRICE_HOV3_NT,PRICE_TRUCK_NT,ACCESS_AM[15],ACCESS_MD[15],ACCESS_PM[15],ACCESS_NT[15]
L,C,0;6599;70858;1;0;0.23751;1;0;6253;"                                                                                       Packard Street Northeast";0;"                      residential";0;"67b5798f1158ae6045dab254fb1257cc";1;1;1;1;0;1;7;40;0;0;0;0;0;0;2017;0;0;0;0;0;0;0;0;1;1;1;1;0;0;0;0;0;0;0;0;0;0;0;0;0;0;0;0;0;0;0;0;"";"";"";""
L,C,0;7002;7006;1;0;0.95607;1;0;7108;"";0;"                         tertiary";0;"b58fd83faded0f1d8de2f7d2a15bd890";1;1;1;1;0;1,7;40;0;0;0;0;0;0;2017;0;0;0;0;0;0;0;0;1;1;1;1;0;0;0;0;0;0;0;0;0;0;0;0;0;0;0;0;0;0;0;0;"";"";"";""
L,C,0;7002;11048;1;0;2.8369;1;0;7110;"";0;"                         tertiary";0;"c9afa82a54cf13701aaadb713687f769";1;1;1;1;0;1,7;40;0;0;0;0;0;0;2017;0;0;0;0;0;0;0;0;1;1;1;1;0;0;0;0;0;0;0;0;0;0;0;0;0;0;0;0;0;0;0;0;"";"";"";""
L,C,0;7002;11072;1;0;0.87877;1;0;7109;"";0;"                         tertiary";0;"a017e501d332e9736ea595c595b08a22";1;1;1;1;0;1,7;40;0;0;0;0;0;0;2017;0;0;0;0;0;0;0;0;1;1;1;1;0;0;0;0;0;0;0;0;0;0;0;0;0;0;0;0;0;0;0;0;"";"";"";""
L,C,0;7006;7002;1;0;0.95607;1;0;7115;"";0;"                         tertiary";0;"b58fd83faded0f1d8de2f7d2a15bd890";1;1;1;1;0;1,7;40;0;0;0;0;0;0;2017;0;0;0;0;0;0;0;0;1;1;1;1;0;0;0;0;0;0;0;0;0;0;0;0;0;0;0;0;0;0;0;0;"";"";"";""
L,C,0;7006;7013;1;0;0.36372;1;0;7114;"";0;"                         tertiary";0;"4febf5fdf42725cedac97e8f34d7b36b";1;1;1;1;0;1,7;40;0;0;0;0;0;0;2017;0;0;0;0;0;0;0;0;1;1;1;1;0;0;0;0;0;0;0;0;0;0;0;0;0;0;0;0;0;0;0;0;"";"";"";""
L,C,0;7006;11072;1;0;0.53726;1;0;7116;"";0;"                         tertiary";0;"208563f8c3dfb360f56e50da45378a7d";1;1;1;1;0;1,7;40;0;0;0;0;0;0;2017;0;0;0;0;0;0;0;0;1;1;1;1;0;0;0;0;0;0;0;0;0;0;0;0;0;0;0;0;0;0;0;0;"";"";"";""
L,C,0;7013;7006;1;0;0.36372;1;0;7124;"";0;"                         tertiary";0;"4febf5fdf42725cedac97e8f34d7b36b";1;1;1;1;0;1,7,40;0;0;0;0;0;0;2017;0;0;0;0;0;0;0;0;1;1;1;1;0;0;0;0;0;0;0;0;0;0;0;0;0;0;0;0;0;0;0;0;"";"";"";""
L,C,0;7013;11730;1;0;0.41162;1;0;7126;"";0;"                         tertiary";0;"b545bca10e6f64734e069740fd137b00";1;1;1;1;0;1,7;40;0;0;0;0;0;0;2017;0;0;0;0;0;0;0;0;1;1;1;1;0;0;0;0;0;0;0;0;0;0;0;0;0;0;0;0;0;0;0;0;"";"";"";""
L,C,0;7013;24326;1;0;1.64466;1;0;7125;"";0;"                         tertiary";0;"177f0731ef95f8ce44d32a3d94f00948";1;1;1;1;0;1,7;40;0;0;0;0;0;0;2017;0;0;0;0;0;0;0;0;1;1;1;1;0;0;0;0;0;0;0;0;0;0;0;0;0;0;0;0;0;0;0;0;"";"";"";""
L,C,0;7821;7824;1;0;0.04721;1;0;8639;"";0;"                      residential";0;"08b4bc534f78226012b589d890f15c6c";1;1;1;1;0;1;7;40;0;0;0;0;0;0;2017;0;0;0;0;0;0;0;0;1;1;1;1;0;0;0;0;0;0;0;0;0;0;0;0;0;0;0;0;0;0;0;0;"";"";"";""
L,C,0;7821;44710;1;0;0.02755;1;0;382469;"                                                                                     Lexington Avenue Northeast";0;"                        secondary";0;"5106bb3c5339c0cbde07c1d55d6b5f08";1;1;1;1;0;1;7,40;16600;4150;4150;4150;4150;16600;2017;0;0;0;0;0;0;0;0;1;1;1;1;0;0;0;0;0;0;0;0;0;0;0;0;0;0;0;0;0;0;0;0;"";"";"";""
L,C,0;7824;7821;1;0;0.04721;1;0;8646;"";0;"                      residential";0;"08b4bc534f78226012b589d890f15c6c";1;1;1;1;0;1;7;40;0;0;0;0;0;0;2017;0;0;0;0;0;0;0;0;1;1;1;1;0;0;0;0;0;0;0;0;0;0;0;0;0;0;0;0;0;0;0;0;"";"";"";""
L,C,0;7824;44710;1;0;0.01373;1;0;8645;"                                                                                       Rockney Street Northeast";0;"                      residential";0;"12fd57067a237713b33b4e85c6f04c07";1;1;1;1;0;1;7;40;0;0;0;0;0;0;2017;0;0;0;0;0;0;0;0;1;1;1;1;0;0;0;0;0;0;0;0;0;0;0;0;0;0;0;0;0;0;0;0;"";"";"";""
L,C,0;9901;18038;1;0;0.03618;1;0;12729;"                                                                                         205th Avenue Northeast";0;"                         tertiary";0;"3ea118d8b5cb87be34c64a749a0c0db9";1;1;1;1;0;1;7;40;0;0;0;0;0;0;2017;0;0;0;0;0;0;0;0;1;1;1;1;0;0;0;0;0;0;0;0;0;0;0;0;0;0;0;0;0;0;0;0;"";"";"";""
L,C,0;9901;78400;1;0;0.14884;1;0;12730;"                                                                                         Lyons Street Northeast";0;"                      residential";0;"1e84a147bcfbe4824854e9956e9494ab";1;1;1;1;0;1;7;40;0;0;0;0;0;0;2017;0;0;0;0;0;0;0;0;1;1;1;1;0;0;0;0;0;0;0;0;0;0;0;0;0;0;0;0;0;0;0;0;"";"";"";""
L,C,0;11045;11048;1;0;0.82704;1;0;14866;"";0;"                         tertiary";0;"4fb98a08cfe86c32e62ef4513d7a6b85";1;1;1;1;0;1,7;40;0;0;0;0;0;0;2017;0;0;0;0;0;0;0;0;1;1;1;1;0;0;0;0;0;0;0;0;0;0;0;0;0;0;0;0;0;0;0;0;"";"";"";""
L,C,0;11045;27638;1;0;1.95544;1;0;14867;"                                                                                         205th Avenue Northeast";0;"                         tertiary";0;"88d58990df6895b9fc3f30fbb9231fc1";1;1;1;1;0;1,7;40;0;0;0;0;0;0;2017;0;0;0;0;0;0;0;0;1;1;1;1;0;0;0;0;0;0;0;0;0;0;0;0;0;0;0;0;0;0;0;0;"";"";"";""
L,C,0;11045;163207;1;0;1.07201;1;0;14868;"                                                                                         205th Avenue Northeast";0;"                         tertiary";0;"c2ecc0887e68e8cbe66465ecdc78c79e";1;0;1;1;0;1,7;40;0;0;0;0;0;0;2017;0;0;0;0;0;0;0;0;1;1;1;1;0;0;0;0;0;0;0;0;0;0;0;0;0;0;0;0;0;0;0;0;"";"";"";""
L,C,0;11048;7002;1;0;2.8369;1;0;14872;"";0;"                         tertiary";0;"c9afa82a54cf13701aaadb713687f769";1;1;1;1;0;1,7;40;0;0;0;0;0;0;2017;0;0;0;0;0;0;0;0;1;1;1;1;0;0;0;0;0;0;0;0;0;0;0;0;0;0;0;0;0;0;0;0;"";"";"";""
L,C,0;11048;11045;1;0;0.82704;1;0;14873;"";0;"                         tertiary";0;"4fb98a08cfe86c32e62ef4513d7a6b85";1;1;1;1;0;1,7;40;0;0;0;0;0;0;2017;0;0;0;0;0;0;0;0;1;1;1;1;0;0;0;0;0;0;0;0;0;0;0;0;0;0;0;0;0;0;0;0;"";"";"";""
L,C,0;11048;48560;1;0;0.94735;1;0;14874;"                                                                                        Zodiac Street Northeast";0;"                         tertiary";0;"d2f97335c99a74ba8bd2179e6757e430";1;1;1;1;0;1;7;40;0;0;0;0;0;0;2017;0;0;0;0;0;0;0;0;1;1;1;1;0;0;0;0;0;0;0;0;0;0;0;0;0;0;0;0;0;0;0;0;"";"";"";""
L,C,0;11072;7002;1;0;0.87877;1;0;14918;"";0;"                         tertiary";0;"a017e501d332e9736ea595c595b08a22";1;1;1;1;0;1,7;40;0;0;0;0;0;0;2017;0;0;0;0;0;0;0;0;1;1;1;1;0;0;0;0;0;0;0;0;0;0;0;0;0;0;0;0;0;0;0;0;"";"";"";""
L,C,0;11072;7006;1;0;0.53726;1;0;14919;"";0;"                         tertiary";0;"208563f8c3dfb360f56e50da45378a7d";1;1;1;1;0;1,7;40;0;0;0;0;0;0;2017;0;0;0;0;0;0;0;0;1;1;1;1;0;0;0;0;0;0;0;0;0;0;0;0;0;0;0;0;0;0;0;0;"";"";"";""
L,C,0;11072;11074;1;0;0.39414;1;0;14917;"";0;"                         tertiary";0;"da959bf85124e57e273f5efbf5f64b00";1;1;1;1;0;1,7;40;0;0;0;0;0;0;2017;0;0;0;0;0;0;0;0;1;1;1;1;0;0;0;0;0;0;0;0;0;0;0;0;0;0;0;0;0;0;0;0;"";"";"";""
L,C,0;11074;11072;1;0;0.39414;1;0;14922;"";0;"                         tertiary";0;"da959bf85124e57e273f5efbf5f64b00";1;1;1;1;0;1,7;40;0;0;0;0;0;0;2017;0;0;0;0;0;0;0;0;1;1;1;1;0;0;0;0;0;0;0;0;0;0;0;0;0;0;0;0;0;0;0;0;"";"";"";""
L,C,0;11074;11077;1;0;0.3785;1;0;14921;"";0;"                         tertiary";0;"1b3282cb5ec4f2bb2edd199b186c54e1";1;1;1;1;0;1,7;40;0;0;0;0;0;0;2017;0;0;0;0;0;0;0;0;1;1;1;1;0;0;0;0;0;0;0;0;0;0;0;0;0;0;0;0;0;0;0;0;"";"";"";""
L,C,0;11074;11730;1;0;0.36148;1;0;14923;"";0;"                         tertiary";0;"5e5259956ae14adb7666ecb6ed910b55";1;1;1;1;0;1,7;40;0;0;0;0;0;0;2017;0;0;0;0;0;0;0;0;1;1;1;1;0;0;0;0;0;0;0;0;0;0;0;0;0;0;0;0;0;0;0;0;"";"";"";""
L,C,0;11077;11074;1;0;0.3785;1;0;14930;"";0;"                         tertiary";0;"1b3282cb5ec4f2bb2edd199b186c54e1";1;1;1;1;0;1,7,40;0;0;0;0;0;0;2017;0;0;0;0;0;0;0;0;1;1;1;1;0;0;0;0;0;0;0;0;0;0;0;0;0;0;0;0;0;0;0;0;"";"";"";""
L,C,0;11077;11727;1;0;0.47859;1;0;14931;"                                                                                         205th Avenue Northeast";0;"                         tertiary";0;"0211a51052828d2f618fb66e9c8d2b21";1;1;1;1;0;1,7,40;0;0;0;0;0;0;2017;0;0;0;0;0;0;0;0;1;1;1;1;0;0;0;0;0;0;0;0;0;0;0;0;0;0;0;0;0;0;0;0;"";"";"";""
L,C,0;11077;74816;1;0;0.23598;1;0;14932;"                                                                                         205th Avenue Northeast";0;"                         tertiary";0;"a790b4edd9da128f9a0a934f006e55f2";1;1;1;1;0;1,7,40;0;0;0;0;0;0;2017;0;0;0;0;0;0;0;0;1;1;1;1;0;0;0;0;0;0;0;0;0;0;0;0;0;0;0;0;0;0;0;0;"";"";"";""
L,C,0;11727;11077;1;0;0.47859;1;0;16203;"                                                                                         205th Avenue Northeast";0;"                         tertiary";0;"1b3282cb5ec4f2bb2edd199b186c54e1";1;1;1;1;0;1,7,40;0;0;0;0;0;0;2017;0;0;0;0;0;0;0;0;1;1;1;1;0;0;0;0;0;0;0;0;0;0;0;0;0;0;0;0;0;0;0;0;"";"";"";""
L,C,0;11727;11730;1;0;0.35841;1;0;16201;"";0;"                         tertiary";0;"4c1d8abdaf7427b373a192d149fd67e7";1;1;1;1;0;1,7;40;0;0;0;0;0;0;2017;0;0;0;0;0;0;0;0;1;1;1;1;0;0;0;0;0;0;0;0;0;0;0;0;0;0;0;0;0;0;0;0;"";"";"";""
L,C,0;11727;24326;0;0;1.91254;1;0;16202;"                                                                                         205th Avenue Northeast";0;"                         tertiary";0;"8c095860913fb3a79d87d722c375379b";1;0;1;1;0;1,7,40;0;0;0;0;0;0;2017;0;0;0;0;0;0;0;0;1;1;1;1;0;0;0;0;0;0;0;0;0;0;0;0;0;0;0;0;0;0;0;0;"";"";"";""
L,C,0;11730;7013;1;0;0.41162;1;0;16209;"";0;"                         tertiary";0;"b545bca10e6f64734e069740fd137b00";1;1;1;1;0;1,7;40;0;0;0;0;0;0;2017;0;0;0;0;0;0;0;0;1;1;1;1;0;0;0;0;0;0;0;0;0;0;0;0;0;0;0;0;0;0;0;0;"";"";"";""
L,C,0;11730;11074;1;0;0.36148;1;0;16207;"";0;"                         tertiary";0;"5e5259956ae14adb7666ecb6ed910b55";1;1;1;1;0;1,7,40;0;0;0;0;0;0;2017;0;0;0;0;0;0;0;0;1;1;1;1;0;0;0;0;0;0;0;0;0;0;0;0;0;0;0;0;0;0;0;0;"";"";"";""
L,C,0;11730;11727;1;0;0.35841;1;0;16208;"";0;"                         tertiary";0;"4c1d8abdaf7427b373a192d149fd67e7";1;1;1;1;0;1,7;40;0;0;0;0;0;0;2017;0;0;0;0;0;0;0;0;1;1;1;1;0;0;0;0;0;0;0;0;0;0;0;0;0;0;0;0;0;0;0;0;"";"";"";""
L,C,0;16298;16327;1;0;0.49496;1;0;26054;"";0;"                      residential";0;"7b8631c45f04c85f65befc05f120e432";1;1;1;1;0;1;7;40;0;0;0;0;0;0;2017;0;0;0;0;0;0;0;0;1;1;1;1;0;0;0;0;0;0;0;0;0;0;0;0;0;0;0;0;0;0;0;0;"";"";"";""
L,C,0;16327;16298;1;0;0.49496;1;0;26136;"";0;"                      residential";0;"7b8631c45f04c85f65befc05f120e432";1;1;1;1;0;1;7;40;0;0;0;0;0;0;2017;0;0;0;0;0;0;0;0;1;1;1;1;0;0;0;0;0;0;0;0;0;0;0;0;0;0;0;0;0;0;0;0;"";"";"";""
L,C,0;18038;9901;1;0;0.03618;1;0;30243;"                                                                                         205th Avenue Northeast";0;"                         tertiary";0;"ff3c5b55ee5eac79154e3ffdd3210216";1;1;1;1;0;1;7;40;0;0;0;0;0;0;2017;0;0;0;0;0;0;0;0;1;1;1;1;0;0;0;0;0;0;0;0;0;0;0;0;0;0;0;0;0;0;0;0;"";"";"";""
L,C,0;18038;52721;1;0;0.2177;1;0;30244;"                                                                                         205th Avenue Northeast";0;"                         tertiary";0;"eec733a0b8e37934bae1a63ee8c08de2";1;1;1;1;0;1;7;40;0;0;0;0;0;0;2017;0;0;0;0;0;0;0;0;1;1;1;1;0;0;0;0;0;0;0;0;0;0;0;0;0;0;0;0;0;0;0;0;"";"";"";""
L,C,0;24326;7013;1;0;1.64466;1;0;44355;"";0;"                         tertiary";0;"177f0731ef95f8ce44d32a3d94f00948";1;1;1;1;0;1,7;40;0;0;0;0;0;0;2017;0;0;0;0;0;0;0;0;1;1;1;1;0;0;0;0;0;0;0;0;0;0;0;0;0;0;0;0;0;0;0;0;"";"";"";""
L,C,0;24326;11727;0;0;1.91254;1;0;44357;"                                                                                         205th Avenue Northeast";0;"                         tertiary";0;"8c095860913fb3a79d87d722c375379b";1;0;1;1;0;1,7;40;0;0;0;0;0;0;2017;0;0;0;0;0;0;0;0;1;1;1;1;0;0;0;0;0;0;0;0;0;0;0;0;0;0;0;0;0;0;0;0;"";"";"";""
L,C,0;24326;52721;1;0;0.75677;1;0;44356;"                                                                                         205th Avenue Northeast";0;"                         tertiary";0;"3182fd330f83b6cb38de3ebc589b3218";1;1;1;1;0;1,7;40;0;0;0;0;0;0;2017;0;0;0;0;0;0;0;0;1;1;1;1;0;0;0;0;0;0;0;0;0;0;0;0;0;0;0;0;0;0;0;0;"";"";"";""
L,C,0;27638;11045;1;0;1.95544;1;0;52067;"                                                                                         205th Avenue Northeast";0;"                         tertiary";0;"88d58990df6895b9fc3f30fbb9231fc1";1;1;1;1;0;1,7;40;0;0;0;0;0;0;2017;0;0;0;0;0;0;0;0;1;1;1;1;0;0;0;0;0;0;0;0;0;0;0;0;0;0;0;0;0;0;0;0;"";"";"";""
L,C,0;27638;74605;1;0;0.60878;1;0;52066;"                                                                                         205th Avenue Northeast";0;"                         tertiary";0;"a790b4edd9da128f9a0a934f006e55f2";1;1;1;1;0;1,7;40;0;0;0;0;0;0;2017;0;0;0;0;0;0;0;0;1;1;1;1;0;0;0;0;0;0;0;0;0;0;0;0;0;0;0;0;0;0;0;0;"";"";"";""
L,C,0;27911;43918;1;0;0.40975;1;0;52704;"                                          179th Avenue Northeast,Xingu Street Northeast,Ussuri Street Northeast";0;"                      residential";0;"0f25bc441941361833a3bbe687c8fad7";1;1;1;1;0;1;7;40;0;0;0;0;0;0;2017;0;0;0;0;0;0;0;0;1;1;1;1;0;0;0;0;0;0;0;0;0;0;0;0;0;0;0;0;0;0;0;0;"";"";"";""
L,C,0;27911;54188;1;0;0.71477;1;0;52703;"                                                              180th Avenue Northeast,Mackenzie Street Northeast";0;"                      residential";0;"5ac2e88636e1d196db6f7f704154742b";1;1;1;1;0;1;7;40;0;0;0;0;0;0;2017;0;0;0;0;0;0;0;0;1;1;1;1;0;0;0;0;0;0;0;0;0;0;0;0;0;0;0;0;0;0;0;0;"";"";"";""
L,C,0;29506;44710;1;0;0.06779;1;0;388574;"                                                                                     Lexington Avenue Northeast";0;"                        secondary";0;"afe818738bd684a8262dcb4261292c70";1;1;1;1;0;1;7,40;0;0;0;0;0;0;2017;0;0;0;0;0;0;0;0;1;1;1;1;0;0;0;0;0;0;0;0;0;0;0;0;0;0;0;0;0;0;0;0;"";"";"";""
L,C,0;29506;137029;1;0;0.27235;1;0;388573;"                                                                                     Lexington Avenue Northeast";0;"                        secondary";0;"595538e9c125061d6a3065f76caa7f62";1;1;1;1;0;1;7,40;0;0;0;0;0;0;2017;0;0;0;0;0;0;0;0;1;1;1;1;0;0;0;0;0;0;0;0;0;0;0;0;0;0;0;0;0;0;0;0;"";"";"";""
L,C,0;34194;54188;1;0;0.21447;1;0;66691;"                                                            Mackenzie Street Northeast,Potomac Street Northeast";0;"                      residential";0;"16d7d6c4380876ab98ce63535bd1d4eb";1;1;1;1;0;1;7;40;0;0;0;0;0;0;2017;0;0;0;0;0;0;0;0;1;1;1;1;0;0;0;0;0;0;0;0;0;0;0;0;0;0;0;0;0;0;0;0;"";"";"";""
L,C,0;43918;27911;1;0;0.40975;1;0;90150;"                                          179th Avenue Northeast,Ussuri Street Northeast,Xingu Street Northeast";0;"                      residential";0;"0f25bc441941361833a3bbe687c8fad7";1;1;1;1;0;1;7;40;0;0;0;0;0;0;2017;0;0;0;0;0;0;0;0;1;1;1;1;0;0;0;0;0;0;0;0;0;0;0;0;0;0;0;0;0;0;0;0;"";"";"";""
L,C,0;44710;7821;1;0;0.02755;1;0;392404;"                                                                                     Lexington Avenue Northeast";0;"                        secondary";0;"5106bb3c5339c0cbde07c1d55d6b5f08";1;1;1;1;0;1;7,40;0;0;0;0;0;0;2017;0;0;0;0;0;0;0;0;1;1;1;1;0;0;0;0;0;0;0;0;0;0;0;0;0;0;0;0;0;0;0;0;"";"";"";""
L,C,0;44710;7824;1;0;0.01373;1;0;92114;"                                                                                       Rockney Street Northeast";0;"                      residential";0;"12fd57067a237713b33b4e85c6f04c07";1;1;1;1;0;1;7,40;0;0;0;0;0;0;2017;0;0;0;0;0;0;0;0;1;1;1;1;0;0;0;0;0;0;0;0;0;0;0;0;0;0;0;0;0;0;0;0;"";"";"";""
L,C,0;44710;29506;1;0;0.06779;1;0;392405;"                                                                                     Lexington Avenue Northeast";0;"                        secondary";0;"afe818738bd684a8262dcb4261292c70";1;1;1;1;0;1;7;40;0;0;0;0;0;0;2017;0;0;0;0;0;0;0;0;1;1;1;1;0;0;0;0;0;0;0;0;0;0;0;0;0;0;0;0;0;0;0;0;"";"";"";""
L,C,0;48560;11048;1;0;0.94735;1;0;101617;"                                                                                        Zodiac Street Northeast";0;"                         tertiary";0;"d2f97335c99a74ba8bd2179e6757e430";1;1;1;1;0;1;7;40;0;0;0;0;0;0;2017;0;0;0;0;0;0;0;0;1;1;1;1;0;0;0;0;0;0;0;0;0;0;0;0;0;0;0;0;0;0;0;0;"";"";"";""
L,C,0;48560;163207;1;0;1.02659;1;0;393087;"                                                                                           West Broadway Avenue";0;"                        secondary";0;"e6b863a19f7666c3d03f1d022fa353dc";1;1;1;1;0;1;7,40;0;0;0;0;0;0;2017;0;0;0;0;0;0;0;0;1;1;1;1;0;0;0;0;0;0;0;0;0;0;0;0;0;0;0;0;0;0;0;0;"";"";"";""
L,C,0;52721;18038;1;0;0.2177;1;0;111769;"                                                                                         205th Avenue Northeast";0;"                         tertiary";0;"eec733a0b8e37934bae1a63ee8c08de2";1;1;1;1;0;1;7;40;0;0;0;0;0;0;2017;0;0;0;0;0;0;0;0;1;1;1;1;0;0;0;0;0;0;0;0;0;0;0;0;0;0;0;0;0;0;0;0;"";"";"";""
L,C,0;52721;24326;1;0;0.75677;1;0;111770;"                                                                                         205th Avenue Northeast";0;"                         tertiary";0;"177f0731ef95f8ce44d32a3d94f00948";1;1;1;1;0;1,7;40;0;0;0;0;0;0;2017;0;0;0;0;0;0;0;0;1;1;1;1;0;0;0;0;0;0;0;0;0;0;0;0;0;0;0;0;0;0;0;0;"";"";"";""
L,C,0;54188;27911;1;0;0.71477;1;0;115285;"                                                              180th Avenue Northeast,Mackenzie Street Northeast";0;"                      residential";0;"5ac2e88636e1d196db6f7f704154742b";1;1;1;1;0;1;7;40;0;0;0;0;0;0;2017;0;0;0;0;0;0;0;0;1;1;1;1;0;0;0;0;0;0;0;0;0;0;0;0;0;0;0;0;0;0;0;0;"";"";"";""
L,C,0;54188;34194;1;0;0.21447;1;0;115286;"                                                            Mackenzie Street Northeast,Potomac Street Northeast";0;"                      residential";0;"16d7d6c4380876ab98ce63535bd1d4eb";1;1;1;1;0;1;7;40;0;0;0;0;0;0;2017;0;0;0;0;0;0;0;0;1;1;1;1;0;0;0;0;0;0;0;0;0;0;0;0;0;0;0;0;0;0;0;0;"";"";"";""
L,C,0;70858;6599;1;0;0.23751;1;0;154049;"                                                                                       Packard Street Northeast";0;"                      residential";0;"67b5798f1158ae6045dab254fb1257cc";1;1;1;1;0;1;7;40;0;0;0;0;0;0;2017;0;0;0;0;0;0;0;0;1;1;1;1;0;0;0;0;0;0;0;0;0;0;0;0;0;0;0;0;0;0;0;0;"";"";"";""
L,C,0;72622;126851;1;0;4.26609E-3;1;0;397777;"                                                                                     Lexington Avenue Northeast";0;"                        secondary";0;"c88df282c70d8f818d706bfc07ea843f";1;1;1;1;0;1;7,40;0;0;0;0;0;0;2017;0;0;0;0;0;0;0;0;1;1;1;1;0;0;0;0;0;0;0;0;0;0;0;0;0;0;0;0;0;0;0;0;"";"";"";""
L,C,0;74605;27638;1;0;0.60878;1;0;162417;"                                                                                         205th Avenue Northeast";0;"                         tertiary";0;"3bd66a160ff7100a92d87dd4ed38196d";1;1;1;1;0;1;7;40;0;0;0;0;0;0;2017;0;0;0;0;0;0;0;0;1;1;1;1;0;0;0;0;0;0;0;0;0;0;0;0;0;0;0;0;0;0;0;0;"";"";"";""
L,C,0;74605;74816;1;0;0.68926;1;0;162416;"                                                                                         205th Avenue Northeast";0;"                         tertiary";0;"a790b4edd9da128f9a0a934f006e55f2";1;1;1;1;0;1,7;40;0;0;0;0;0;0;2017;0;0;0;0;0;0;0;0;1;1;1;1;0;0;0;0;0;0;0;0;0;0;0;0;0;0;0;0;0;0;0;0;"";"";"";""
L,C,0;74816;11077;1;0;0.23598;1;0;162860;"                                                                                         205th Avenue Northeast";0;"                         tertiary";0;"a790b4edd9da128f9a0a934f006e55f2";1;1;1;1;0;1,7;40;0;0;0;0;0;0;2017;0;0;0;0;0;0;0;0;1;1;1;1;0;0;0;0;0;0;0;0;0;0;0;0;0;0;0;0;0;0;0;0;"";"";"";""
L,C,0;74816;74605;1;0;0.68926;1;0;162861;"                                                                                         205th Avenue Northeast";0;"                         tertiary";0;"a790b4edd9da128f9a0a934f006e55f2";1;1;1;1;0;1,7;40;0;0;0;0;0;0;2017;0;0;0;0;0;0;0;0;1;1;1;1;0;0;0;0;0;0;0;0;0;0;0;0;0;0;0;0;0;0;0;0;"";"";"";""
L,C,0;78400;9901;1;0;0.14884;1;0;170847;"                                                                                         Lyons Street Northeast";0;"                      residential";0;"1e84a147bcfbe4824854e9956e9494ab";1;1;1;1;0;1;7;40;0;0;0;0;0;0;2017;0;0;0;0;0;0;0;0;1;1;1;1;0;0;0;0;0;0;0;0;0;0;0;0;0;0;0;0;0;0;0;0;"";"";"";""
L,C,0;126851;72622;1;0;4.26609E-3;1;0;411272;"                                                                                     Lexington Avenue Northeast";0;"                        secondary";0;"c88df282c70d8f818d706bfc07ea843f";1;1;1;1;0;1;7;40;0;0;0;0;0;0;2017;0;0;0;0;0;0;0;0;1;1;1;1;0;0;0;0;0;0;0;0;0;0;0;0;0;0;0;0;0;0;0;0;"";"";"";""
L,C,0;130899;130908;1;0;0.03289;1;0;293763;"";0;"                         tertiary";0;"dca955806bee641c8799cb047780134d";1;1;1;1;0;1,7;40;0;0;0;0;0;0;2017;0;0;0;0;0;0;0;0;1;1;1;1;0;0;0;0;0;0;0;0;0;0;0;0;0;0;0;0;0;0;0;0;"";"";"";""
L,C,0;130899;130916;1;0;0.50474;1;0;293762;"";0;"                         tertiary";0;"5a0a3fa9e9ed9d084e4e24684aa0bcb5";1;1;1;1;0;1,7;40;0;0;0;0;0;0;2017;0;0;0;0;0;0;0;0;1;1;1;1;0;0;0;0;0;0;0;0;0;0;0;0;0;0;0;0;0;0;0;0;"";"";"";""
L,C,0;130899;130939;1;0;0.03792;1;0;293764;"";0;"                         tertiary";0;"c34bd5bb61f9a2b5b17221ce1bf9bbcf";1;1;1;1;0;1;7;40;0;0;0;0;0;0;2017;0;0;0;0;0;0;0;0;1;1;1;1;0;0;0;0;0;0;0;0;0;0;0;0;0;0;0;0;0;0;0;0;"";"";"";""
L,C,0;130908;130899;1;0;0.03289;1;0;293783;"";0;"                         tertiary";0;"dca955806bee641c8799cb047780134d";1;1;1;1;0;1,7;40;7100;1775;1775;1775;1775;7100;2017;0;0;0;0;0;0;0;0;1;1;1;1;0;0;0;0;0;0;0;0;0;0;0;0;0;0;0;0;0;0;0;0;"";"";"";""
L,C,0;130908;130939;1;0;0.03078;1;0;293785;"";0;"                         tertiary";0;"7c26bfe5414a45129428a722912fba8d";1;1;1;1;0;1,7;40;0;0;0;0;0;0;2017;0;0;0;0;0;0;0;0;1;1;1;1;0;0;0;0;0;0;0;0;0;0;0;0;0;0;0;0;0;0;0;0;"";"";"";""
L,C,0;130908;130972;1;0;0.79196;1;0;293784;"";0;"                         tertiary";0;"a25d93cfd527946771d195c5d7ab0a9a";1;1;1;1;0;1,7;40;0;0;0;0;0;0;2017;0;0;0;0;0;0;0;0;1;1;1;1;0;0;0;0;0;0;0;0;0;0;0;0;0;0;0;0;0;0;0;0;"";"";"";""
L,C,0;130916;130899;1;0;0.50474;1;0;293803;"";0;"                         tertiary";0;"5a0a3fa9e9ed9d084e4e24684aa0bcb5";1;1;1;1;0;1,7;40;0;0;0;0;0;0;2017;0;0;0;0;0;0;0;0;1;1;1;1;0;0;0;0;0;0;0;0;0;0;0;0;0;0;0;0;0;0;0;0;"";"";"";""
L,C,0;130916;130953;1;0;1.60472;1;0;293804;"";0;"                         tertiary";0;"fa318f9f66f45c8c62e0d6636772b6e3";1;1;1;1;0;1,7;40;0;0;0;0;0;0;2017;0;0;0;0;0;0;0;0;1;1;1;1;0;0;0;0;0;0;0;0;0;0;0;0;0;0;0;0;0;0;0;0;"";"";"";""
L,C,0;130916;130972;1;0;0.69391;1;0;293805;"";0;"                         tertiary";0;"99be9c9612bec9fff49e9299f15598af";1;1;1;1;0;1,7;40;0;0;0;0;0;0;2017;0;0;0;0;0;0;0;0;1;1;1;1;0;0;0;0;0;0;0;0;0;0;0;0;0;0;0;0;0;0;0;0;"";"";"";""
L,C,0;130939;130899;1;0;0.03792;1;0;293858;"";0;"                         tertiary";0;"c34bd5bb61f9a2b5b17221ce1bf9bbcf";1;1;1;1;0;1;7;40;0;0;0;0;0;0;2017;0;0;0;0;0;0;0;0;1;1;1;1;0;0;0;0;0;0;0;0;0;0;0;0;0;0;0;0;0;0;0;0;"";"";"";""
L,C,0;130939;130908;1;0;0.03078;1;0;293859;"";0;"                         tertiary";0;"7c26bfe5414a45129428a722912fba8d";1;1;1;1;0;1,7;40;0;0;0;0;0;0;2017;0;0;0;0;0;0;0;0;1;1;1;1;0;0;0;0;0;0;0;0;0;0;0;0;0;0;0;0;0;0;0;0;"";"";"";""
L,C,0;130939;130953;1;0;0.65406;1;0;293860;"";0;"                         tertiary";0;"b325e28183c22fb241ca98093f5fb0d8";1;1;1;1;0;1,7;40;0;0;0;0;0;0;2017;0;0;0;0;0;0;0;0;1;1;1;1;0;0;0;0;0;0;0;0;0;0;0;0;0;0;0;0;0;0;0;0;"";"";"";""
L,C,0;130953;130916;1;0;1.60472;1;0;293899;"";0;"                         tertiary";0;"fa318f9f66f45c8c62e0d6636772b6e3";1;1;1;1;0;1,7,40;0;0;0;0;0;0;2017;0;0;0;0;0;0;0;0;1;1;1;1;0;0;0;0;0;0;0;0;0;0;0;0;0;0;0;0;0;0;0;0;"";"";"";""
L,C,0;130953;130939;1;0;0.65406;1;0;293898;"";0;"                         tertiary";0;"b325e28183c22fb241ca98093f5fb0d8";1;1;1;1;0;1,7;40;0;0;0;0;0;0;2017;0;0;0;0;0;0;0;0;1;1;1;1;0;0;0;0;0;0;0;0;0;0;0;0;0;0;0;0;0;0;0;0;"";"";"";""
L,C,0;130972;130908;1;0;0.79196;1;0;293949;"";0;"                         tertiary";0;"a25d93cfd527946771d195c5d7ab0a9a";1;1;1;1;0;1,7;40;0;0;0;0;0;0;2017;0;0;0;0;0;0;0;0;1;1;1;1;0;0;0;0;0;0;0;0;0;0;0;0;0;0;0;0;0;0;0;0;"";"";"";""
L,C,0;130972;130916;1;0;0.69391;1;0;293951;"";0;"                         tertiary";0;"99be9c9612bec9fff49e9299f15598af";1;1;1;1;0;1,7;40;0;0;0;0;0;0;2017;0;0;0;0;0;0;0;0;1;1;1;1;0;0;0;0;0;0;0;0;0;0;0;0;0;0;0;0;0;0;0;0;"";"";"";""
L,C,0;130972;163206;1;0;1.37151;1;0;293950;"";0;"                         tertiary";0;"20ab1b6e6385597f0662d97c184d0def";1;1;1;1;0;1,7;40;0;0;0;0;0;0;2017;0;0;0;0;0;0;0;0;1;1;1;1;0;0;0;0;0;0;0;0;0;0;0;0;0;0;0;0;0;0;0;0;"";"";"";""
L,C,0;137029;29506;1;0;0.27235;1;0;413534;"                                                                                     Lexington Avenue Northeast";0;"                        secondary";0;"595538e9c125061d6a3065f76caa7f62";1;1;1;1;0;1;7,40;0;0;0;0;0;0;2017;0;0;0;0;0;0;0;0;1;1;1;1;0;0;0;0;0;0;0;0;0;0;0;0;0;0;0;0;0;0;0;0;"";"";"";""
L,C,0;137029;163206;0;0;0.65598;1;0;413536;"                                                                                           West Broadway Avenue";0;"                        secondary";0;"32d2721b6ca9a8844bcc31ba44b92318";1;0;1;1;0;1;7,40;0;0;0;0;0;0;2017;0;0;0;0;0;0;0;0;1;1;1;1;0;0;0;0;0;0;0;0;0;0;0;0;0;0;0;0;0;0;0;0;"";"";"";""
L,C,0;137029;163250;1;0;0.45485;1;0;413535;"                                                                                     Lexington Avenue Northeast";0;"                        secondary";0;"bc1df192a9a04a620269eff0a284c8ac";1;1;1;1;0;1;7,40;0;0;0;0;0;0;2017;0;0;0;0;0;0;0;0;1;1;1;1;0;0;0;0;0;0;0;0;0;0;0;0;0;0;0;0;0;0;0;0;"";"";"";""
L,C,0;163206;130972;1;0;1.37151;1;0;363002;"";0;"                         tertiary";0;"182856976291b9d22fabad9758b8793a";1;1;1;1;0;1,7;40;0;0;0;0;0;0;2017;0;0;0;0;0;0;0;0;1;1;1;1;0;0;0;0;0;0;0;0;0;0;0;0;0;0;0;0;0;0;0;0;"";"";"";""
L,C,0;163206;137029;0;0;0.65598;1;0;419303;"                                                                                           West Broadway Avenue";0;"                        secondary";0;"32d2721b6ca9a8844bcc31ba44b92318";1;0;1;1;0;1;7,40;0;0;0;0;0;0;2017;0;0;0;0;0;0;0;0;1;1;1;1;0;0;0;0;0;0;0;0;0;0;0;0;0;0;0;0;0;0;0;0;"";"";"";""
L,C,0;163206;163207;1;0;0.32794;1;0;419302;"                                                                                           West Broadway Avenue";0;"                        secondary";0;"b26c290311f37e72ab6b6b9d649d5e1b";1;1;1;1;0;1;7,40;0;0;0;0;0;0;2017;0;0;0;0;0;0;0;0;1;1;1;1;0;0;0;0;0;0;0;0;0;0;0;0;0;0;0;0;0;0;0;0;"";"";"";""
L,C,0;163207;11045;1;0;1.07201;1;0;363003;"                                                                                         205th Avenue Northeast";0;"                         tertiary";0;"c2ecc0887e68e8cbe66465ecdc78c79e";1;0;1;1;0;1,7;40;0;0;0;0;0;0;2017;0;0;0;0;0;0;0;0;1;1;1;1;0;0;0;0;0;0;0;0;0;0;0;0;0;0;0;0;0;0;0;0;"";"";"";""
L,C,0;163207;48560;1;0;1.02659;1;0;419305;"                                                                                           West Broadway Avenue";0;"                        secondary";0;"e6b863a19f7666c3d03f1d022fa353dc";1;1;1;1;0;1;7,40;0;0;0;0;0;0;2017;0;0;0;0;0;0;0;0;1;1;1;1;0;0;0;0;0;0;0;0;0;0;0;0;0;0;0;0;0;0;0;0;"";"";"";""
L,C,0;163207;163206;1;0;0.32794;1;0;419304;"                                                                                           West Broadway Avenue";0;"                        secondary";0;"b26c290311f37e72ab6b6b9d649d5e1b";1;1;1;1;0;1;7,40;0;0;0;0;0;0;2017;0;0;0;0;0;0;0;0;1;1;1;1;0;0;0;0;0;0;0;0;0;0;0;0;0;0;0;0;0;0;0;0;"";"";"";""
L,C,0;163250;137029;1;0;0.45485;1;0;419318;"                                                                                     Lexington Avenue Northeast";0;"                        secondary";0;"bc1df192a9a04a620269eff0a284c8ac";1;1;1;1;0;1;7,40;0;0;0;0;0;0;2017;0;0;0;0;0;0;0;0;1;1;1;1;0;0;0;0;0;0;0;0;0;0;0;0;0;0;0;0;0;0;0;0;"";"";"";""
L,C,1;6626;6627;1;0;0.15549;1;0;6315;"                                                                                         Pierce Place Northeast";0;"                      residential";0;"caf602706ac0b3f298f2e4080963d516";1;1;2;1;0;1,7;40;0;0;0;0;0;0;2017;0;0;0;0;0;0;0;0;1;1;1;1;0;0;0;0;0;0;0;0;0;0;0;0;0;0;0;0;0;0;0;0;"";"";"";""
L,C,1;6626;6628;1;0;6.83815E-3;1;0;6314;"                                                                                         102nd Avenue Northeast";0;"                      residential";0;"f74a313c328441c583d08be5e017dc0b";1;1;2;1;0;1,7;40;0;0;0;0;0;0;2017;0;0;0;0;0;0;0;0;1;1;1;1;0;0;0;0;0;0;0;0;0;0;0;0;0;0;0;0;0;0;0;0;"";"";"";""
L,C,1;6626;18931;1;0;0.03287;1;0;6313;"                                                                                         102nd Avenue Northeast";0;"                      residential";0;"172453147f7e2267995b314c1ec4c697";1;1;2;1;0;1,7;40;0;0;0;0;0;0;2017;0;0;0;0;0;0;0;0;1;1;1;1;0;0;0;0;0;0;0;0;0;0;0;0;0;0;0;0;0;0;0;0;"";"";"";""
L,C,1;6627;6626;1;0;0.15549;1;0;6316;"                                                                                         Pierce Place Northeast";0;"                      residential";0;"caf602706ac0b3f298f2e4080963d516";1;1;2;1;0;1,7;40;0;0;0;0;0;0;2017;0;0;0;0;0;0;0;0;1;1;1;1;0;0;0;0;0;0;0;0;0;0;0;0;0;0;0;0;0;0;0;0;"";"";"";""
L,C,1;6627;38238;1;0;0.0491;1;0;6317;"                                                                                         103rd Avenue Northeast";0;"                      residential";0;"1625d4a715b75ac24774cf086e78c581";1;1;2;1;0;1,7;40;0;0;0;0;0;0;2017;0;0;0;0;0;0;0;0;1;1;1;1;0;0;0;0;0;0;0;0;0;0;0;0;0;0;0;0;0;0;0;0;"";"";"";""
L,C,1;6627;65197;1;0;0.03988;1;0;6318;"                                                                                         103rd Avenue Northeast";0;"                      residential";0;"a4a409ed3f3f589031e954c8d3361c1c";1;1;2;1;0;1,7;40;0;0;0;0;0;0;2017;0;0;0;0;0;0;0;0;1;1;1;1;0;0;0;0;0;0;0;0;0;0;0;0;0;0;0;0;0;0;0;0;"";"";"";""
L,C,1;6628;6626;1;0;6.83815E-3;1;0;6319;"                                                                                         102nd Avenue Northeast";0;"                      residential";0;"f74a313c328441c583d08be5e017dc0b";1;1;2;1;0;1,7;40;0;0;0;0;0;0;2017;0;0;0;0;0;0;0;0;1;1;1;1;0;0;0;0;0;0;0;0;0;0;0;0;0;0;0;0;0;0;0;0;"";"";"";""
L,C,1;6628;37604;1;0;0.1008;1;0;6321;"                                                                    101st Lane Northeast,Pierce Place Northeast";0;"                      residential";0;"850005631bbf6fa154f779063f0f6e83";1;1;2;1;0;1,7;40;0;0;0;0;0;0;2017;0;0;0;0;0;0;0;0;1;1;1;1;0;0;0;0;0;0;0;0;0;0;0;0;0;0;0;0;0;0;0;0;"";"";"";""
L,C,1;6628;49231;1;0;0.03429;1;0;6320;"                                                                                         102nd Avenue Northeast";0;"                      residential";0;"75527274a2393d9ab220a860e24e0fd2";1;1;2;1;0;1,7;40;0;0;0;0;0;0;2017;0;0;0;0;0;0;0;0;1;1;1;1;0;0;0;0;0;0;0;0;0;0;0;0;0;0;0;0;0;0;0;0;"";"";"";""
L,C,1;11231;19222;1;0;0.06034;1;0;15197;"                                                                                                   105th Ave NE";0;"                      residential";0;"daf223ca318ae31ebbfbb64fc07998cc";1;1;2;1;0;1;7;40;0;0;0;0;0;0;2017;0;0;0;0;0;0;0;0;1;1;1;1;0;0;0;0;0;0;0;0;0;0;0;0;0;0;0;0;0;0;0;0;"";"";"";""
L,C,1;18915;18916;1;0;9.94124E-3;1;0;32231;"";0;"                      residential";0;"4f1892b8033244b0aaa0ac0ca1bef743";1;1;2;1;0;1,7;40;0;0;0;0;0;0;2017;0;0;0;0;0;0;0;0;1;1;1;1;0;0;0;0;0;0;0;0;0;0;0;0;0;0;0;0;0;0;0;0;"";"";"";""
L,C,1;18915;51849;1;0;0.10716;1;0;32232;"                                                                                                 Fillmore Place";0;"                      residential";0;"bb60cf4ae69dccb716bd523f169e24f0";1;1;2;1;0;1,7;40;0;0;0;0;0;0;2017;0;0;0;0;0;0;0;0;1;1;1;1;0;0;0;0;0;0;0;0;0;0;0;0;0;0;0;0;0;0;0;0;"";"";"";""
L,C,1;18915;59176;1;0;0.04082;1;0;32233;"                                                                                         104th Avenue Northeast";0;"                      residential";0;"d907456a64230557ce8a01b5ba942d3f";1;1;2;1;0;1,7;40;0;0;0;0;0;0;2017;0;0;0;0;0;0;0;0;1;1;1;1;0;0;0;0;0;0;0;0;0;0;0;0;0;0;0;0;0;0;0;0;"";"";"";""
L,C,1;18916;18915;1;0;9.94124E-3;1;0;32234;"";0;"                      residential";0;"4f1892b8033244b0aaa0ac0ca1bef743";1;1;2;1;0;1,7;40;0;0;0;0;0;0;2017;0;0;0;0;0;0;0;0;1;1;1;1;0;0;0;0;0;0;0;0;0;0;0;0;0;0;0;0;0;0;0;0;"";"";"";""
L,C,1;18916;59161;1;0;0.04488;1;0;32236;"                                                                                         104th Avenue Northeast";0;"                      residential";0;"3441107b52d24327c59cdc7fe7a6b22c";1;1;2;1;0;1,7;40;0;0;0;0;0;0;2017;0;0;0;0;0;0;0;0;1;1;1;1;0;0;0;0;0;0;0;0;0;0;0;0;0;0;0;0;0;0;0;0;"";"";"";""
L,C,1;18916;59176;1;0;0.22885;1;0;32235;"                                                  104th Avenue Northeast,Fillmore Place,Taylor Street Northeast";0;"                      residential";0;"9ac60074361fd89ff5c5c18a12306374";1;1;2;1;0;1,7;40;0;0;0;0;0;0;2017;0;0;0;0;0;0;0;0;1;1;1;1;0;0;0;0;0;0;0;0;0;0;0;0;0;0;0;0;0;0;0;0;"";"";"";""
L,C,1;18931;6626;1;0;0.03287;1;0;32263;"                                                                                         102nd Avenue Northeast";0;"                      residential";0;"f74a313c328441c583d08be5e017dc0b";1;1;2;1;0;1,7;40;0;0;0;0;0;0;2017;0;0;0;0;0;0;0;0;1;1;1;1;0;0;0;0;0;0;0;0;0;0;0;0;0;0;0;0;0;0;0;0;"";"";"";""
L,C,1;18931;18932;1;0;8.69405E-3;1;0;32262;"                                                                                         102nd Avenue Northeast";0;"                      residential";0;"1eac0147e05b0b9b263cb7ebf0223c82";1;1;2;1;0;1,7;40;0;0;0;0;0;0;2017;0;0;0;0;0;0;0;0;1;1;1;1;0;0;0;0;0;0;0;0;0;0;0;0;0;0;0;0;0;0;0;0;"";"";"";""
L,C,1;18931;37604;1;0;0.05978;1;0;32264;"                                                                                        Pierce Street Northeast";0;"                      residential";0;"6ea910d0a53caf34d7fd48561623f69a";1;1;2;1;0;1,7;40;0;0;0;0;0;0;2017;0;0;0;0;0;0;0;0;1;1;1;1;0;0;0;0;0;0;0;0;0;0;0;0;0;0;0;0;0;0;0;0;"";"";"";""
L,C,1;18932;18931;1;0;8.69405E-3;1;0;32265;"                                                                                         102nd Avenue Northeast";0;"                      residential";0;"1eac0147e05b0b9b263cb7ebf0223c82";1;1;2;1;0;1,7;40;0;0;0;0;0;0;2017;0;0;0;0;0;0;0;0;1;1;1;1;0;0;0;0;0;0;0;0;0;0;0;0;0;0;0;0;0;0;0;0;"";"";"";""
L,C,1;18932;38235;1;0;0.11396;1;0;32267;"                                                                                        Pierce Street Northeast";0;"                      residential";0;"c407f3a28b8cd7deacbec273ce151dca";1;1;2;1;0;1,7;40;0;0;0;0;0;0;2017;0;0;0;0;0;0;0;0;1;1;1;1;0;0;0;0;0;0;0;0;0;0;0;0;0;0;0;0;0;0;0;0;"";"";"";""
L,C,1;18932;49237;1;0;0.0318;1;0;32266;"                                                                                         102nd Avenue Northeast";0;"                      residential";0;"07e22323ab8f1814a94f7052258ae9ba";1;1;2;1;0;1,7;40;0;0;0;0;0;0;2017;0;0;0;0;0;0;0;0;1;1;1;1;0;0;0;0;0;0;0;0;0;0;0;0;0;0;0;0;0;0;0;0;"";"";"";""
L,C,1;19222;11231;1;0;0.06034;1;0;32890;"                                                                                                   105th Ave NE";0;"                      residential";0;"daf223ca318ae31ebbfbb64fc07998cc";1;1;2;1;0;1;7;40;0;0;0;0;0;0;2017;0;0;0;0;0;0;0;0;1;1;1;1;0;0;0;0;0;0;0;0;0;0;0;0;0;0;0;0;0;0;0;0;"";"";"";""
L,C,1;37596;47944;1;0;0.18901;1;0;74299;"                                                                                          Polk Street Northeast";0;"                         tertiary";0;"4abbbe01d49c17daa9e332380a284dfa";1;1;2;1;0;1;7;40;0;0;0;0;0;0;2017;0;0;0;0;0;0;0;0;1;1;1;1;0;0;0;0;0;0;0;0;0;0;0;0;0;0;0;0;0;0;0;0;"";"";"";""
L,C,1;37604;6628;1;0;0.1008;1;0;74326;"                                                                    Pierce Place Northeast,101st Lane Northeast";0;"                      residential";0;"75527274a2393d9ab220a860e24e0fd2";1;1;2;1;0;1,7;40;0;0;0;0;0;0;2017;0;0;0;0;0;0;0;0;1;1;1;1;0;0;0;0;0;0;0;0;0;0;0;0;0;0;0;0;0;0;0;0;"";"";"";""
L,C,1;37604;18931;1;0;0.05978;1;0;74324;"                                                                                        Pierce Street Northeast";0;"                      residential";0;"6ea910d0a53caf34d7fd48561623f69a";1;1;2;1;0;1,7;40;0;0;0;0;0;0;2017;0;0;0;0;0;0;0;0;1;1;1;1;0;0;0;0;0;0;0;0;0;0;0;0;0;0;0;0;0;0;0;0;"";"";"";""
L,C,1;37604;49237;1;0;0.10266;1;0;74325;"                                                                 101st Lane Northeast,Buchanan Street Northeast";0;"                      residential";0;"f7db7cfb11f304c15c45712f4d341b50";1;1;2;1;0;1,7;40;0;0;0;0;0;0;2017;0;0;0;0;0;0;0;0;1;1;1;1;0;0;0;0;0;0;0;0;0;0;0;0;0;0;0;0;0;0;0;0;"";"";"";""
L,C,1;38197;38198;1;0;0.12285;1;0;75768;"                                                                                        Pierce Street Northeast";0;"                      residential";0;"26ed47e1dd02631bd1d05a4194a3e4c1";1;1;2;1;0;1;7,40;0;0;0;0;0;0;2017;0;0;0;0;0;0;0;0;1;1;1;1;0;0;0;0;0;0;0;0;0;0;0;0;0;0;0;0;0;0;0;0;"";"";"";""
L,C,1;38197;60206;1;0;0.08365;1;0;75769;"                                                                                         106th Avenue Northeast";0;"                      residential";0;"6dbe42ac7255e81cc45f01a6eb278b81";1;1;2;1;0;1;7;40;0;0;0;0;0;0;2017;0;0;0;0;0;0;0;0;1;1;1;1;0;0;0;0;0;0;0;0;0;0;0;0;0;0;0;0;0;0;0;0;"";"";"";""
L,C,1;38198;38197;1;0;0.12285;1;0;75770;"                                                                                        Pierce Street Northeast";0;"                      residential";0;"6dbe42ac7255e81cc45f01a6eb278b81";1;1;2;1;0;1;7;40;0;0;0;0;0;0;2017;0;0;0;0;0;0;0;0;1;1;1;1;0;0;0;0;0;0;0;0;0;0;0;0;0;0;0;0;0;0;0;0;"";"";"";""
L,C,1;38198;54090;1;0;0.05298;1;0;75772;"                                                                                         105th Avenue Northeast";0;"                      residential";0;"3c64c868989a979512b76a32185b944f";1;1;2;1;0;1;7;40;0;0;0;0;0;0;2017;0;0;0;0;0;0;0;0;1;1;1;1;0;0;0;0;0;0;0;0;0;0;0;0;0;0;0;0;0;0;0;0;"";"";"";""
L,C,1;38198;60206;1;0;0.17718;1;0;75771;"                                                               Fillmore Street Northeast,105th Avenue Northeast";0;"                      residential";0;"3c64c868989a979512b76a32185b944f";1;1;2;1;0;1;7;40;0;0;0;0;0;0;2017;0;0;0;0;0;0;0;0;1;1;1;1;0;0;0;0;0;0;0;0;0;0;0;0;0;0;0;0;0;0;0;0;"";"";"";""
L,C,1;38200;38240;1;0;0.02409;1;0;75777;"                                                                 Pierce Street Northeast,104th Avenue Northeast";0;"                      residential";0;"a54d4ca5a44ac68448a238028adcd38e";1;1;2;1;0;1,7;40;0;0;0;0;0;0;2017;0;0;0;0;0;0;0;0;1;1;1;1;0;0;0;0;0;0;0;0;0;0;0;0;0;0;0;0;0;0;0;0;"";"";"";""
L,C,1;38200;59161;1;0;0.06776;1;0;75778;"                                                                                         104th Avenue Northeast";0;"                      residential";0;"b6365c68983a202a048dcadaf2cbe208";1;1;2;1;0;1,7,40;0;0;0;0;0;0;2017;0;0;0;0;0;0;0;0;1;1;1;1;0;0;0;0;0;0;0;0;0;0;0;0;0;0;0;0;0;0;0;0;"";"";"";""
L,C,1;38235;18932;1;0;0.11396;1;0;75853;"                                                                                        Pierce Street Northeast";0;"                      residential";0;"c407f3a28b8cd7deacbec273ce151dca";1;1;2;1;0;1,7;40;0;0;0;0;0;0;2017;0;0;0;0;0;0;0;0;1;1;1;1;0;0;0;0;0;0;0;0;0;0;0;0;0;0;0;0;0;0;0;0;"";"";"";""
L,C,1;38235;38238;1;0;0.05627;1;0;75852;"                                                                                        Pierce Street Northeast";0;"                      residential";0;"b275caa8bbd12721cb26b8df59165901";1;1;2;1;0;1,7;40;0;0;0;0;0;0;2017;0;0;0;0;0;0;0;0;1;1;1;1;0;0;0;0;0;0;0;0;0;0;0;0;0;0;0;0;0;0;0;0;"";"";"";""
L,C,1;38235;49237;1;0;0.15605;1;0;75854;"                                          102nd Avenue Northeast,102nd Lane Northeast,Buchanan Street Northeast";0;"                      residential";0;"1610166cec399ec9890d8158de794ce1";1;1;2;1;0;1,7;40;0;0;0;0;0;0;2017;0;0;0;0;0;0;0;0;1;1;1;1;0;0;0;0;0;0;0;0;0;0;0;0;0;0;0;0;0;0;0;0;"";"";"";""
L,C,1;38238;6627;1;0;0.0491;1;0;75864;"                                                                                         103rd Avenue Northeast";0;"                      residential";0;"1625d4a715b75ac24774cf086e78c581";1;1;2;1;0;1,7;40;0;0;0;0;0;0;2017;0;0;0;0;0;0;0;0;1;1;1;1;0;0;0;0;0;0;0;0;0;0;0;0;0;0;0;0;0;0;0;0;"";"";"";""
L,C,1;38238;38235;1;0;0.05627;1;0;75863;"                                                                                        Pierce Street Northeast";0;"                      residential";0;"b275caa8bbd12721cb26b8df59165901";1;1;2;1;0;1,7;40;0;0;0;0;0;0;2017;0;0;0;0;0;0;0;0;1;1;1;1;0;0;0;0;0;0;0;0;0;0;0;0;0;0;0;0;0;0;0;0;"";"";"";""
L,C,1;38238;38240;1;0;0.07121;1;0;75862;"                                                                                        Pierce Street Northeast";0;"                      residential";0;"0bb14ef7f763c7851a3227f1dbe6050a";1;1;2;1;0;1,7;40;0;0;0;0;0;0;2017;0;0;0;0;0;0;0;0;1;1;1;1;0;0;0;0;0;0;0;0;0;0;0;0;0;0;0;0;0;0;0;0;"";"";"";""
L,C,1;38240;38200;1;0;0.02409;1;0;75868;"                                                                 Pierce Street Northeast,104th Avenue Northeast";0;"                      residential";0;"a54d4ca5a44ac68448a238028adcd38e";1;1;2;1;0;1,7;40;0;0;0;0;0;0;2017;0;0;0;0;0;0;0;0;1;1;1;1;0;0;0;0;0;0;0;0;0;0;0;0;0;0;0;0;0;0;0;0;"";"";"";""
L,C,1;38240;38238;1;0;0.07121;1;0;75869;"                                                                                        Pierce Street Northeast";0;"                      residential";0;"0bb14ef7f763c7851a3227f1dbe6050a";1;1;2;1;0;1,7;40;0;0;0;0;0;0;2017;0;0;0;0;0;0;0;0;1;1;1;1;0;0;0;0;0;0;0;0;0;0;0;0;0;0;0;0;0;0;0;0;"";"";"";""
L,C,1;38240;52196;1;0;0.02623;1;0;75870;"                                                                                            103rd Way Northeast";0;"                      residential";0;"7f40b0872dbbf023877725ce9f1e6ef5";1;1;2;1;0;1,7;40;0;0;0;0;0;0;2017;0;0;0;0;0;0;0;0;1;1;1;1;0;0;0;0;0;0;0;0;0;0;0;0;0;0;0;0;0;0;0;0;"";"";"";""
L,C,1;47944;37596;1;0;0.18901;1;0;100246;"                                                                                          Polk Street Northeast";0;"                         tertiary";0;"4abbbe01d49c17daa9e332380a284dfa";1;1;2;1;0;1;7;40;0;0;0;0;0;0;2017;0;0;0;0;0;0;0;0;1;1;1;1;0;0;0;0;0;0;0;0;0;0;0;0;0;0;0;0;0;0;0;0;"";"";"";""
L,C,1;47944;71909;1;0;0.05095;1;0;100245;"                                                                                          Polk Street Northeast";0;"                         tertiary";0;"74504115679025c016555471d7f0a19c";1;1;2;1;0;1;7;40;0;0;0;0;0;0;2017;0;0;0;0;0;0;0;0;1;1;1;1;0;0;0;0;0;0;0;0;0;0;0;0;0;0;0;0;0;0;0;0;"";"";"";""
L,C,1;49229;49231;1;0;0.04069;1;0;103226;"                                                                                         102nd Avenue Northeast";0;"                      residential";0;"da7ab5315d5c3ac5e23d62e8f4e0613c";1;1;2;1;0;1,7;40;0;0;0;0;0;0;2017;0;0;0;0;0;0;0;0;1;1;1;1;0;0;0;0;0;0;0;0;0;0;0;0;0;0;0;0;0;0;0;0;"";"";"";""
L,C,1;49229;51849;1;0;0.15671;1;0;103228;"                                                                                                 Fillmore Place";0;"                      residential";0;"fdb9cc34bcc0c8e55f49be3b366b61f8";1;1;2;1;0;1,7,40;0;0;0;0;0;0;2017;0;0;0;0;0;0;0;0;1;1;1;1;0;0;0;0;0;0;0;0;0;0;0;0;0;0;0;0;0;0;0;0;"";"";"";""
L,C,1;49229;66343;1;0;0.19705;1;0;103227;"                                                                 Taylor Street Northeast,102nd Avenue Northeast";0;"                      residential";0;"dc5d12e9f89d11f9358ca00f189cd93b";1;1;2;1;0;1,7;40;0;0;0;0;0;0;2017;0;0;0;0;0;0;0;0;1;1;1;1;0;0;0;0;0;0;0;0;0;0;0;0;0;0;0;0;0;0;0;0;"";"";"";""
L,C,1;49231;6628;1;0;0.03429;1;0;103232;"                                                                                         102nd Avenue Northeast";0;"                      residential";0;"75527274a2393d9ab220a860e24e0fd2";1;1;2;1;0;1,7;40;0;0;0;0;0;0;2017;0;0;0;0;0;0;0;0;1;1;1;1;0;0;0;0;0;0;0;0;0;0;0;0;0;0;0;0;0;0;0;0;"";"";"";""
L,C,1;49231;49229;1;0;0.04069;1;0;103233;"                                                                                         102nd Avenue Northeast";0;"                      residential";0;"da7ab5315d5c3ac5e23d62e8f4e0613c";1;1;2;1;0;1,7;40;1850;462;462;462;462;1850;2017;0;0;0;0;0;0;0;0;1;1;1;1;0;0;0;0;0;0;0;0;0;0;0;0;0;0;0;0;0;0;0;0;"";"";"";""
L,C,1;49231;65197;1;0;0.1561;1;0;103234;"                                                                                      Fillmore Street Northeast";0;"                      residential";0;"aaf88f965234767336dc437f3b1dbc32";1;1;2;1;0;1,7;40;0;0;0;0;0;0;2017;0;0;0;0;0;0;0;0;1;1;1;1;0;0;0;0;0;0;0;0;0;0;0;0;0;0;0;0;0;0;0;0;"";"";"";""
L,C,1;49237;18932;1;0;0.0318;1;0;103246;"                                                                                         102nd Avenue Northeast";0;"                      residential";0;"1eac0147e05b0b9b263cb7ebf0223c82";1;1;2;1;0;1,7,40;0;0;0;0;0;0;2017;0;0;0;0;0;0;0;0;1;1;1;1;0;0;0;0;0;0;0;0;0;0;0;0;0;0;0;0;0;0;0;0;"";"";"";""
L,C,1;49237;37604;1;0;0.10266;1;0;103248;"                                                                 101st Lane Northeast,Buchanan Street Northeast";0;"                      residential";0;"f7db7cfb11f304c15c45712f4d341b50";1;1;2;1;0;1,7;40;0;0;0;0;0;0;2017;0;0;0;0;0;0;0;0;1;1;1;1;0;0;0;0;0;0;0;0;0;0;0;0;0;0;0;0;0;0;0;0;"";"";"";""
L,C,1;49237;38235;1;0;0.15605;1;0;103247;"                                          Buchanan Street Northeast,102nd Lane Northeast,102nd Avenue Northeast";0;"                      residential";0;"1610166cec399ec9890d8158de794ce1";1;1;2;1;0;1,7;40;0;0;0;0;0;0;2017;0;0;0;0;0;0;0;0;1;1;1;1;0;0;0;0;0;0;0;0;0;0;0;0;0;0;0;0;0;0;0;0;"";"";"";""
L,C,1;51849;18915;1;0;0.10716;1;0;109585;"                                                                                                 Fillmore Place";0;"                      residential";0;"bb60cf4ae69dccb716bd523f169e24f0";1;1;2;1;0;1,7;40;0;0;0;0;0;0;2017;0;0;0;0;0;0;0;0;1;1;1;1;0;0;0;0;0;0;0;0;0;0;0;0;0;0;0;0;0;0;0;0;"";"";"";""
L,C,1;51849;49229;1;0;0.15671;1;0;109588;"                                                                                                 Fillmore Place";0;"                      residential";0;"fdb9cc34bcc0c8e55f49be3b366b61f8";1;1;2;1;0;1,7;40;0;0;0;0;0;0;2017;0;0;0;0;0;0;0;0;1;1;1;1;0;0;0;0;0;0;0;0;0;0;0;0;0;0;0;0;0;0;0;0;"";"";"";""
L,C,1;51849;65197;1;0;0.04104;1;0;109586;"                                                                                         103rd Avenue Northeast";0;"                      residential";0;"4b6616e92175589ff02b3f731f24481c";1;1;2;1;0;1,7;40;0;0;0;0;0;0;2017;0;0;0;0;0;0;0;0;1;1;1;1;0;0;0;0;0;0;0;0;0;0;0;0;0;0;0;0;0;0;0;0;"";"";"";""
L,C,1;51849;66343;1;0;0.04265;1;0;109587;"                                                                                         103rd Avenue Northeast";0;"                      residential";0;"b85fcbd7db813fceaaca7305456ec935";1;1;2;1;0;1,7;40;0;0;0;0;0;0;2017;0;0;0;0;0;0;0;0;1;1;1;1;0;0;0;0;0;0;0;0;0;0;0;0;0;0;0;0;0;0;0;0;"";"";"";""
L,C,1;52196;38240;1;0;0.02623;1;0;110469;"                                                                                            103rd Way Northeast";0;"                      residential";0;"7f40b0872dbbf023877725ce9f1e6ef5";1;1;2;1;0;1,7;40;0;0;0;0;0;0;2017;0;0;0;0;0;0;0;0;1;1;1;1;0;0;0;0;0;0;0;0;0;0;0;0;0;0;0;0;0;0;0;0;"";"";"";""
L,C,1;52196;52197;1;0;0.10042;1;0;110467;"                                                                                            103rd Way Northeast";0;"                      residential";0;"1348194b476af706ae23774d9e093253";1;1;2;1;0;1,7;40;0;0;0;0;0;0;2017;0;0;0;0;0;0;0;0;1;1;1;1;0;0;0;0;0;0;0;0;0;0;0;0;0;0;0;0;0;0;0;0;"";"";"";""
L,C,1;52196;54086;1;0;0.025;1;0;110468;"                                                                                      Buchanan Street Northeast";0;"                      residential";0;"d08f2d5c3dcbe394ff2ce30f777bfe0d";1;1;2;1;0;1,7;40;0;0;0;0;0;0;2017;0;0;0;0;0;0;0;0;1;1;1;1;0;0;0;0;0;0;0;0;0;0;0;0;0;0;0;0;0;0;0;0;"";"";"";""
L,C,1;52197;52196;1;0;0.10042;1;0;110470;"                                                                                            103rd Way Northeast";0;"                      residential";0;"1348194b476af706ae23774d9e093253";1;1;2;1;0;1,7;40;0;0;0;0;0;0;2017;0;0;0;0;0;0;0;0;1;1;1;1;0;0;0;0;0;0;0;0;0;0;0;0;0;0;0;0;0;0;0;0;"";"";"";""
L,C,1;52197;59166;1;0;0.02561;1;0;110471;"                                                                                       Johnson Street Northeast";0;"                      residential";0;"7bc33ffbbab2f791edadb91c63da30f0";1;1;2;1;0;1,7;40;0;0;0;0;0;0;2017;0;0;0;0;0;0;0;0;1;1;1;1;0;0;0;0;0;0;0;0;0;0;0;0;0;0;0;0;0;0;0;0;"";"";"";""
L,C,1;54086;52196;1;0;0.025;1;0;115074;"                                                                                      Buchanan Street Northeast";0;"                      residential";0;"d08f2d5c3dcbe394ff2ce30f777bfe0d";1;1;2;1;0;1,7;40;0;0;0;0;0;0;2017;0;0;0;0;0;0;0;0;1;1;1;1;0;0;0;0;0;0;0;0;0;0;0;0;0;0;0;0;0;0;0;0;"";"";"";""
L,C,1;54086;59166;1;0;0.1008;1;0;115075;"                                                                                         104th Avenue Northeast";0;"                      residential";0;"7512efb0e4c3753fd03cae4526749f79";1;1;2;1;0;1,7;40;0;0;0;0;0;0;2017;0;0;0;0;0;0;0;0;1;1;1;1;0;0;0;0;0;0;0;0;0;0;0;0;0;0;0;0;0;0;0;0;"";"";"";""
L,C,1;54086;158553;1;0;0.03357;1;0;115073;"                                                                                      Buchanan Street Northeast";0;"                      residential";0;"a9d7cead64b4da820f17970438e441a8";1;1;2;1;0;1,7;40;0;0;0;0;0;0;2017;0;0;0;0;0;0;0;0;1;1;1;1;0;0;0;0;0;0;0;0;0;0;0;0;0;0;0;0;0;0;0;0;"";"";"";""
L,C,1;54089;54090;1;0;0.03565;1;0;115079;"                                                                                      Buchanan Street Northeast";0;"                      residential";0;"36268d87ced6681111b02ebab9acd680";1;1;2;1;0;1,7;40;0;0;0;0;0;0;2017;0;0;0;0;0;0;0;0;1;1;1;1;0;0;0;0;0;0;0;0;0;0;0;0;0;0;0;0;0;0;0;0;"";"";"";""
L,C,1;54089;68800;1;0;0.09338;1;0;115081;"                                                                                          104th Place Northeast";0;"                      residential";0;"b3c1c1edbae215d60bb71c4cf41a5176";1;1;2;1;0;1,7;40;0;0;0;0;0;0;2017;0;0;0;0;0;0;0;0;1;1;1;1;0;0;0;0;0;0;0;0;0;0;0;0;0;0;0;0;0;0;0;0;"";"";"";""
L,C,1;54089;158553;1;0;0.03517;1;0;115080;"                                                                                      Buchanan Street Northeast";0;"                      residential";0;"5b07d5f01d13b41c36145d7f1537af40";1;1;2;1;0;1,7;40;0;0;0;0;0;0;2017;0;0;0;0;0;0;0;0;1;1;1;1;0;0;0;0;0;0;0;0;0;0;0;0;0;0;0;0;0;0;0;0;"";"";"";""
L,C,1;54090;38198;1;0;0.05298;1;0;115084;"                                                                                         105th Avenue Northeast";0;"                      residential";0;"3c64c868989a979512b76a32185b944f";1;1;2;1;0;1;7;40;0;0;0;0;0;0;2017;0;0;0;0;0;0;0;0;1;1;1;1;0;0;0;0;0;0;0;0;0;0;0;0;0;0;0;0;0;0;0;0;"";"";"";""
L,C,1;54090;54089;1;0;0.03565;1;0;115082;"                                                                                      Buchanan Street Northeast";0;"                      residential";0;"36268d87ced6681111b02ebab9acd680";1;1;2;1;0;1,7;40;0;0;0;0;0;0;2017;0;0;0;0;0;0;0;0;1;1;1;1;0;0;0;0;0;0;0;0;0;0;0;0;0;0;0;0;0;0;0;0;"";"";"";""
L,C,1;54090;65367;1;0;0.09561;1;0;115083;"                                                                                                      104th Way";0;"                      residential";0;"8f6e90142024936d7931d723201b7b20";1;1;2;1;0;1,7;40;0;0;0;0;0;0;2017;0;0;0;0;0;0;0;0;1;1;1;1;0;0;0;0;0;0;0;0;0;0;0;0;0;0;0;0;0;0;0;0;"";"";"";""
L,C,1;59094;59166;1;0;0.03314;1;0;127294;"                                                                                       Johnson Street Northeast";0;"                      residential";0;"0fbcc60357c754e1ddd63838294d3e41";1;1;2;1;0;1,7;40;0;0;0;0;0;0;2017;0;0;0;0;0;0;0;0;1;1;1;1;0;0;0;0;0;0;0;0;0;0;0;0;0;0;0;0;0;0;0;0;"";"";"";""
L,C,1;59094;68800;1;0;0.035;1;0;127293;"                                                                                       Johnson Street Northeast";0;"                      residential";0;"75b0928da3850a7766ace31e72c57b24";1;1;2;1;0;1,7;40;0;0;0;0;0;0;2017;0;0;0;0;0;0;0;0;1;1;1;1;0;0;0;0;0;0;0;0;0;0;0;0;0;0;0;0;0;0;0;0;"";"";"";""
L,C,1;59094;158553;1;0;0.09646;1;0;127292;"                                                                                           104th Lane Northeast";0;"                      residential";0;"2288d84452d43f631a43a402eee9a715";1;1;2;1;0;1,7;40;0;0;0;0;0;0;2017;0;0;0;0;0;0;0;0;1;1;1;1;0;0;0;0;0;0;0;0;0;0;0;0;0;0;0;0;0;0;0;0;"";"";"";""
L,C,1;59161;18916;1;0;0.04488;1;0;127445;"                                                                                         104th Avenue Northeast";0;"                      residential";0;"3441107b52d24327c59cdc7fe7a6b22c";1;1;2;1;0;1,7,40;0;0;0;0;0;0;2017;0;0;0;0;0;0;0;0;1;1;1;1;0;0;0;0;0;0;0;0;0;0;0;0;0;0;0;0;0;0;0;0;"";"";"";""
L,C,1;59161;38200;1;0;0.06776;1;0;127444;"                                                                                         104th Avenue Northeast";0;"                      residential";0;"b6365c68983a202a048dcadaf2cbe208";1;1;2;1;0;1,7;40;0;0;0;0;0;0;2017;0;0;0;0;0;0;0;0;1;1;1;1;0;0;0;0;0;0;0;0;0;0;0;0;0;0;0;0;0;0;0;0;"";"";"";""
L,C,1;59161;65197;1;0;0.10334;1;0;127443;"                                                                                      Fillmore Street Northeast";0;"                      residential";0;"94184b43bed3636d3295e00583a9038b";1;1;2;1;0;1,7;40;0;0;0;0;0;0;2017;0;0;0;0;0;0;0;0;1;1;1;1;0;0;0;0;0;0;0;0;0;0;0;0;0;0;0;0;0;0;0;0;"";"";"";""
L,C,1;59166;52197;1;0;0.02561;1;0;127457;"                                                                                       Johnson Street Northeast";0;"                      residential";0;"1348194b476af706ae23774d9e093253";1;1;2;1;0;1,7;40;0;0;0;0;0;0;2017;0;0;0;0;0;0;0;0;1;1;1;1;0;0;0;0;0;0;0;0;0;0;0;0;0;0;0;0;0;0;0;0;"";"";"";""
L,C,1;59166;54086;1;0;0.1008;1;0;127455;"                                                                                         104th Avenue Northeast";0;"                      residential";0;"7512efb0e4c3753fd03cae4526749f79";1;1;2;1;0;1,7;40;0;0;0;0;0;0;2017;0;0;0;0;0;0;0;0;1;1;1;1;0;0;0;0;0;0;0;0;0;0;0;0;0;0;0;0;0;0;0;0;"";"";"";""
L,C,1;59166;59094;1;0;0.03314;1;0;127456;"                                                                                       Johnson Street Northeast";0;"                      residential";0;"0fbcc60357c754e1ddd63838294d3e41";1;1;2;1;0;1,7;40;0;0;0;0;0;0;2017;0;0;0;0;0;0;0;0;1;1;1;1;0;0;0;0;0;0;0;0;0;0;0;0;0;0;0;0;0;0;0;0;"";"";"";""
L,C,1;59176;18915;1;0;0.04082;1;0;127486;"                                                                                         104th Avenue Northeast";0;"                      residential";0;"d907456a64230557ce8a01b5ba942d3f";1;1;2;1;0;1,7;40;4500;1125;1125;1125;1125;4500;2017;0;0;0;0;0;0;0;0;1;1;1;1;0;0;0;0;0;0;0;0;0;0;0;0;0;0;0;0;0;0;0;0;"";"";"";""
L,C,1;59176;18916;1;0;0.22885;1;0;127487;"                                                  104th Avenue Northeast,Fillmore Place,Taylor Street Northeast";0;"                      residential";0;"9ac60074361fd89ff5c5c18a12306374";1;1;2;1;0;1,7;40;0;0;0;0;0;0;2017;0;0;0;0;0;0;0;0;1;1;1;1;0;0;0;0;0;0;0;0;0;0;0;0;0;0;0;0;0;0;0;0;"";"";"";""
L,C,1;59176;66343;1;0;0.11602;1;0;127485;"                                                                                        Taylor Street Northeast";0;"                      residential";0;"21bfc70ec11b714e3af20a9a1ef86790";1;1;2;1;0;1,7;40;0;0;0;0;0;0;2017;0;0;0;0;0;0;0;0;1;1;1;1;0;0;0;0;0;0;0;0;0;0;0;0;0;0;0;0;0;0;0;0;"";"";"";""
L,C,1;60206;38197;1;0;0.08365;1;0;129890;"                                                                                         106th Avenue Northeast";0;"                      residential";0;"6dbe42ac7255e81cc45f01a6eb278b81";1;1;2;1;0;1;7;40;0;0;0;0;0;0;2017;0;0;0;0;0;0;0;0;1;1;1;1;0;0;0;0;0;0;0;0;0;0;0;0;0;0;0;0;0;0;0;0;"";"";"";""
L,C,1;60206;38198;1;0;0.17718;1;0;129892;"                                                               Fillmore Street Northeast,105th Avenue Northeast";0;"                      residential";0;"3c64c868989a979512b76a32185b944f";1;1;2;1;0;1;7;40;0;0;0;0;0;0;2017;0;0;0;0;0;0;0;0;1;1;1;1;0;0;0;0;0;0;0;0;0;0;0;0;0;0;0;0;0;0;0;0;"";"";"";""
L,C,1;65197;6627;1;0;0.03988;1;0;141344;"                                                                                         103rd Avenue Northeast";0;"                      residential";0;"a4a409ed3f3f589031e954c8d3361c1c";1;1;2;1;0;1,7;40;0;0;0;0;0;0;2017;0;0;0;0;0;0;0;0;1;1;1;1;0;0;0;0;0;0;0;0;0;0;0;0;0;0;0;0;0;0;0;0;"";"";"";""
L,C,1;65197;49231;1;0;0.1561;1;0;141343;"                                                                                      Fillmore Street Northeast";0;"                      residential";0;"aaf88f965234767336dc437f3b1dbc32";1;1;2;1;0;1,7;40;0;0;0;0;0;0;2017;0;0;0;0;0;0;0;0;1;1;1;1;0;0;0;0;0;0;0;0;0;0;0;0;0;0;0;0;0;0;0;0;"";"";"";""
L,C,1;65197;51849;1;0;0.04104;1;0;141342;"                                                                                         103rd Avenue Northeast";0;"                      residential";0;"4b6616e92175589ff02b3f731f24481c";1;1;2;1;0;1,7;40;0;0;0;0;0;0;2017;0;0;0;0;0;0;0;0;1;1;1;1;0;0;0;0;0;0;0;0;0;0;0;0;0;0;0;0;0;0;0;0;"";"";"";""
L,C,1;65197;59161;1;0;0.10334;1;0;141341;"                                                                                      Fillmore Street Northeast";0;"                      residential";0;"94184b43bed3636d3295e00583a9038b";1;1;2;1;0;1,7;40;0;0;0;0;0;0;2017;0;0;0;0;0;0;0;0;1;1;1;1;0;0;0;0;0;0;0;0;0;0;0;0;0;0;0;0;0;0;0;0;"";"";"";""
L,C,1;65367;54090;1;0;0.09561;1;0;141737;"                                                                                                      104th Way";0;"                      residential";0;"8f6e90142024936d7931d723201b7b20";1;1;2;1;0;1,7;40;0;0;0;0;0;0;2017;0;0;0;0;0;0;0;0;1;1;1;1;0;0;0;0;0;0;0;0;0;0;0;0;0;0;0;0;0;0;0;0;"";"";"";""
L,C,1;65367;68800;1;0;0.03563;1;0;141738;"                                                                                       Johnson Street Northeast";0;"                      residential";0;"6ef1038c7ad067d2c3927da563491f2e";1;1;2;1;0;1,7;40;0;0;0;0;0;0;2017;0;0;0;0;0;0;0;0;1;1;1;1;0;0;0;0;0;0;0;0;0;0;0;0;0;0;0;0;0;0;0;0;"";"";"";""
L,C,1;66343;49229;1;0;0.19705;1;0;143953;"                                                                 102nd Avenue Northeast,Taylor Street Northeast";0;"                      residential";0;"dc5d12e9f89d11f9358ca00f189cd93b";1;1;2;1;0;1,7;40;0;0;0;0;0;0;2017;0;0;0;0;0;0;0;0;1;1;1;1;0;0;0;0;0;0;0;0;0;0;0;0;0;0;0;0;0;0;0;0;"";"";"";""
L,C,1;66343;51849;1;0;0.04265;1;0;143952;"                                                                                         103rd Avenue Northeast";0;"                      residential";0;"b85fcbd7db813fceaaca7305456ec935";1;1;2;1;0;1,7;40;0;0;0;0;0;0;2017;0;0;0;0;0;0;0;0;1;1;1;1;0;0;0;0;0;0;0;0;0;0;0;0;0;0;0;0;0;0;0;0;"";"";"";""
L,C,1;66343;59176;1;0;0.11602;1;0;143951;"                                                                                        Taylor Street Northeast";0;"                      residential";0;"21bfc70ec11b714e3af20a9a1ef86790";1;1;2;1;0;1,7;40;0;0;0;0;0;0;2017;0;0;0;0;0;0;0;0;1;1;1;1;0;0;0;0;0;0;0;0;0;0;0;0;0;0;0;0;0;0;0;0;"";"";"";""
L,C,1;66343;71909;1;0;0.0509;1;0;143954;"                                                                                         103rd Avenue Northeast";0;"                      residential";0;"90d1dd066efcf1c4fc3cb3ea140074c3";1;1;2;1;0;1,7;40;0;0;0;0;0;0;2017;0;0;0;0;0;0;0;0;1;1;1;1;0;0;0;0;0;0;0;0;0;0;0;0;0;0;0;0;0;0;0;0;"";"";"";""
L,C,1;68800;54089;1;0;0.09338;1;0;149432;"                                                                                          104th Place Northeast";0;"                      residential";0;"b3c1c1edbae215d60bb71c4cf41a5176";1;1;2;1;0;1,7;40;0;0;0;0;0;0;2017;0;0;0;0;0;0;0;0;1;1;1;1;0;0;0;0;0;0;0;0;0;0;0;0;0;0;0;0;0;0;0;0;"";"";"";""
L,C,1;68800;59094;1;0;0.035;1;0;149431;"                                                                                       Johnson Street Northeast";0;"                      residential";0;"75b0928da3850a7766ace31e72c57b24";1;1;2;1;0;1,7;40;0;0;0;0;0;0;2017;0;0;0;0;0;0;0;0;1;1;1;1;0;0;0;0;0;0;0;0;0;0;0;0;0;0;0;0;0;0;0;0;"";"";"";""
L,C,1;68800;65367;1;0;0.03563;1;0;149430;"                                                                                       Johnson Street Northeast";0;"                      residential";0;"6ef1038c7ad067d2c3927da563491f2e";1;1;2;1;0;1,7,40;0;0;0;0;0;0;2017;0;0;0;0;0;0;0;0;1;1;1;1;0;0;0;0;0;0;0;0;0;0;0;0;0;0;0;0;0;0;0;0;"";"";"";""
L,C,1;71909;47944;1;0;0.05095;1;0;156461;"                                                                                          Polk Street Northeast";0;"                         tertiary";0;"74504115679025c016555471d7f0a19c";1;1;2;1;0;1;7;40;0;0;0;0;0;0;2017;0;0;0;0;0;0;0;0;1;1;1;1;0;0;0;0;0;0;0;0;0;0;0;0;0;0;0;0;0;0;0;0;"";"";"";""
L,C,1;71909;66343;1;0;0.0509;1;0;156459;"                                                                                         103rd Avenue Northeast";0;"                      residential";0;"90d1dd066efcf1c4fc3cb3ea140074c3";1;1;2;1;0;1,7;40;0;0;0;0;0;0;2017;0;0;0;0;0;0;0;0;1;1;1;1;0;0;0;0;0;0;0;0;0;0;0;0;0;0;0;0;0;0;0;0;"";"";"";""
L,C,1;158553;54086;1;0;0.03357;1;0;353317;"                                                                                      Buchanan Street Northeast";0;"                      residential";0;"a9d7cead64b4da820f17970438e441a8";1;1;2;1;0;1,7;40;0;0;0;0;0;0;2017;0;0;0;0;0;0;0;0;1;1;1;1;0;0;0;0;0;0;0;0;0;0;0;0;0;0;0;0;0;0;0;0;"";"";"";""
L,C,1;158553;54089;1;0;0.03517;1;0;353316;"                                                                                      Buchanan Street Northeast";0;"                      residential";0;"5b07d5f01d13b41c36145d7f1537af40";1;1;2;1;0;1,7;40;0;0;0;0;0;0;2017;0;0;0;0;0;0;0;0;1;1;1;1;0;0;0;0;0;0;0;0;0;0;0;0;0;0;0;0;0;0;0;0;"";"";"";""
L,C,1;158553;59094;1;0;0.09646;1;0;353318;"                                                                                           104th Lane Northeast";0;"                      residential";0;"2288d84452d43f631a43a402eee9a715";1;1;2;1;0;1,7;40;0;0;0;0;0;0;2017;0;0;0;0;0;0;0;0;1;1;1;1;0;0;0;0;0;0;0;0;0;0;0;0;0;0;0;0;0;0;0;0;"";"";"";""
