HighwayLayerLogX,"C:\projects\met_council_git\data\test_new_network_outputs\highway_2015.net",8,64,2/11/2020 12:17:07 PM
Node,N,OSM_NODE_ID,BIKE_NODE,TRANSIT_NODE,WALK_NODE,DRIVE_NODE,X,Y
Link,A,B,MODEL_LINK_ID,SHSTGEOMETRYID,DISTANCE,ROADWAY,NAME,ROADWAY_CLASS,BIKE_ACCESS,TRANSIT_ACCESS,WALK_ACCESS,DRIVE_ACCESS,TRUCK_ACCESS,TRN_PRIORITY_AM,TRN_PRIORITY_MD,TRN_PRIORITY_PM,TRN_PRIORITY_NT,TTIME_ASSERT_AM,TTIME_ASSERT_MD,TTIME_ASSERT_PM,TTIME_ASSERT_NT,LANES_AM,LANES_MD,LANES_PM,LANES_NT,PRICE_SOV_AM,PRICE_HOV2_AM,PRICE_HOV3_AM,PRICE_TRUCK_AM,PRICE_SOV_MD,PRICE_HOV2_MD,PRICE_HOV3_MD,PRICE_TRUCK_MD,PRICE_SOV_PM,PRICE_HOV2_PM,PRICE_HOV3_PM,PRICE_TRUCK_PM,PRICE_SOV_NT,PRICE_HOV2_NT,PRICE_HOV3_NT,PRICE_TRUCK_NT,ASSIGN_GROUP,ACCESS_AM,ACCESS_MD,ACCESS_PM,ACCESS_NT,MPO,AREA_TYPE,COUNTY,CENTROIDCONNECT,AADT,COUNT_YEAR,COUNT_AM,COUNT_MD,COUNT_PM,COUNT_NT,COUNT_DAILY,HOV,RCI,LANES,LINKCLASS,SPEED,CAPACITY,TIME
L,C,0;131218;93497;412227;"a6563edb958ac32116c2768a0d2e46b3",0.342;"                         motorway";"";10;0;0;0;1;1;0;0;0;0;0;0;0;0;3;3;3;3;0;0;0;0;0;0;0;0;0;0;0;0;0;0;0;0;1;"";"";"";"";1;4;5;0;0;2017;0;0;0;0;0,111;1;3;1;64;5850,0.3206
L,C,1;93497;35131;402909;"ac5251acbbd36937365d7d64d095fb09",0.1358;"                         motorway";"";10;0;0;0;1;1;0;0;0;0;0;0;0;0;3;3;3;3;0;0;0;0;0;0;0;0;0;0;0;0;0;0;0;0;1;"";"";"";"";1;4;5;0;0;2017;0;0;0;0;0,111;1;3;1;64;5850,0.1273
L,C,2;35131;35145;390130;"3fab220e15a8e3f3ebac5064eeb84e55",0.4687;"                         motorway";"";10;0;0;0;1;1;0;0;0;0;0;0;0;0;3;3;3;3;0;0;0;0;0;0;0;0;0;0;0;0;0;0;0;0;1;"";"";"";"";1;4;5;0;0;2017;0;0;0;0;0,111;1;3;1;64;5850,0.4394
L,C,0;35145;35616;390132;"c585a6e1bec5cfb851307e5590fa3031",0.4746;"                         motorway";"";60;0;0;0;1;1;0;0;0;0;0;0;0;0;3;3;3;3;0;0;0;0;0;0;0;0;0;0;0;0;0;0;0;0;4;"";"";"";"";1;4;5;0;131000;2017;32750;32750;32750;32750;131000,111;13;3;13;39;3750,0.7302
L,C,1;35616;35633;390286;"46162995dad0ce61bb293fcb40264dca",0.5588;"                         motorway";"";10;0;0;0;1;1;0;0;0;0;0;0;0;0;3;3;3;3;0;0;0;0;0;0;0;0;0;0;0;0;0;0;0;0;1;"";"";"";"";1;4;5;0;0;2017;0;0;0;0;0,111;1;3;1;64;5850,0.5239
L,C,2;37020;37023;390724;"2992ec4c7dfcb5044d571ff47ea4f105",0.4101;"                         motorway";"";10;0;0;0;1;1;0;0;0;0;0;0;0;0;4;4;4;4;0;0;0;0;0;0;0;0;0;0;0;0;0;0;0;0;1;"";"";"";"";1;3;5;0;0;2017;0;0;0;0;0;0;1;4;1;67;7800,0.3673
L,C,0;35633;37020;390292;"30038ab38ecd83c00a75ccee1b21169d",0.0586;"                         motorway";"";10;0;0;0;1;1;0;0;0;0;0;0;0;0;1;1;1;1;0;0;0;0;0;0;0;0;0;0;0;0;0;0;0;0;1;"";"";"";"";1;3;5;0;131000;2017;32750;32750;32750;32750;131000,111;1;1;1;67;1950,0.0525
L,C,1;37020;37023;390724;"2992ec4c7dfcb5044d571ff47ea4f105";0.4101;"                         motorway";"";10;0;0;0;1;1;0;0;0;0;0;0;0;0;4;4;4;4;0;0;0;0;0;0;0;0;0;0;0;0;0;0;0;0;1;"";"";"";"";1;3;5;0;0;2017;0;0;0;0;0,111;1;4;1;67;7800;0.3673
L,C,2;37023;36328;390726;"50603d99087b1f6f574ccd44cbf7a6c7",0.3362;"                         motorway";"";10;0;0;0;1;1;0;0;0;0;0;0;0;0;1;1;1;1;0;0;0;0;0;0;0;0;0;0;0;0;0;0;0;0;1;"";"";"";"";1;3;5;0;0;2017;0;0;0;0;0,111;1;1;1;67;1950,0.3011
L,C,0;36328;38900;390533;"5aac7ea4d22b1dbb78169eea2bb88a0d",0.2177;"                         motorway";"";10;0;0;0;1;1;0;0;0;0;0;0;0;0;4;4;4;4;0;0;0;0;0;0;0;0;0;0;0;0;0;0;0;0;1;"";"";"";"";1;2;5;0;130000;2017;32500;32500;32500;32500;130000,111;1;4;1;69;7800,0.1893
L,C,1;38900;39108;391233;"c556a4961de3ccbe2720b413b2c04b16",0.0479;"                         motorway";"";10;0;0;0;1;1;0;0;0;0;0;0;0;0;5;5;5;5;0;0;0;0;0;0;0;0;0;0;0;0;0;0;0;0;1;"";"";"";"";1;2;5;0;0;2017;0;0;0;0;0,111;1;5;1;69;9750,0.0416
L,C,2;39108;38412;391269;"f029aeadee84eaf6e45491ffe7ad35c7",0.2049;"                         motorway";"";10;0;0;0;1;1;0;0;0;0;0;0;0;0;4;4;4;4;0;0;0;0;0;0;0;0;0;0;0;0;0;0;0;0;1;"";"";"";"";1;2;5;0;0;2017;0;0;0;0;0,111;1;4;1;69;7800,0.1781
L,C,0;38412;38396;391130;"40c479c14c4805d484f4847a385990fd",0.412;"                         motorway";"";10;0;0;0;1;1;0;0;0;0;0;0;0;0;1;1;1;1;0;0;0;0;0;0;0;0;0;0;0;0;0;0;0;0;1;"";"";"";"";1;2;5;0;125000;2017;31250;31250;31250;31250;125000,111;1;1;1;69;1950,0.3583
L,C,1;38396;53889;391125;"12a7493aecbb76d76df919b38c89a59a",0.4146;"                         motorway";"";10;0;0;0;1;1;0;0;0;0;0;0;0;0;4;4;4;4;0;0;0;0;0;0;0;0;0;0;0;0;0;0;0;0;1;"";"";"";"";1;2;5;0;120000;2017;30000;30000;30000;30000;120000,111;1;4;1;69;7800,0.3605
L,C,2;38396;53889;391125;"12a7493aecbb76d76df919b38c89a59a";0.4146;"                         motorway";"";10;0;0;0;1;1;0;0;0;0;0;0;0;0;4;4;4;4;0;0;0;0;0;0;0;0;0;0;0;0;0;0;0;0;1;"";"";"";"";1;2;5;0;120000;2017;30000;30000;30000;30000;120000,0;1;4;1;69;7800;0.3605
L,C,0;37235;37846;390799;"306627fc3184954da6b1c45a0e323a63",1.4968;"                         motorway";"";10;0;0;0;1;1;0;0;0;0;0;0;0;0;3;3;3;3;0;0;0;0;0;0;0;0;0;0;0;0;0;0;0;0;1;"";"";"";"";1;2;5;0;67000;2017;16750;16750;16750;16750;67000,111;1;3;1;69;5850,1.3016
L,C,1;37846;37827;390995;"5b5fe45249808d3f5613028a57ce59d4",0.5428;"                         motorway";"";10;0;0;0;1;1;0;0;0;0;0;0;0;0;3;3;3;3;0;0;0;0;0;0;0;0;0;0;0;0;0;0;0;0;1;"";"";"";"";1;2;5;0;0;2017;0;0;0;0;0,111;1;3;1;69;5850,0.472
L,C,2;37827;38815;390991;"16bbd8c0d709ab7121045f6a00ff465b",2.5818;"                         motorway";"";10;0;0;0;1;1;0;0;0;0;0;0;0;0;3;3;3;3;0;0;0;0;0;0;0;0;0;0;0;0;0;0;0;0;1;"";"";"";"";1;2;5;0;56000;2017;14000;14000;14000;14000;56000,111;1;3;1;69;5850,2.2451
L,C,0;36174;38388;390477;"df094c76a8630a0c01802c70348cb9e7",1.4972;"                         motorway";"";10;0;0;0;1;1;0;0;0;0;0;0;0;0;3;3;3;3;0;0;0;0;0;0;0;0;0;0;0;0;0;0;0;0;1;"";"";"";"";1;2;5;0;0;2017;0;0;0;0;0,112;1;3;1;69;5850,1.3019
L,C,1;38388;130045;391117;"a94c8e44110552860cd23ba5b33655c9",0.5955;"                         motorway";"";10;0;0;0;1;1;0;0;0;0;0;0;0;0;3;3;3;3;0;0;0;0;0;0;0;0;0;0;0;0;0;0;0;0;1;"";"";"";"";1;2;5;0;0;2017;0;0;0;0;0,112;1;3;1;69;5850,0.5178
L,C,2;130045;139270;412034;"f722cb3ded5b46aca815f62a94fee2e8",0.1787;"                         motorway";"";10;0;0;0;1;1;0;0;0;0;0;0;0;0;3;3;3;3;0;0;0;0;0;0;0;0;0;0;0;0;0;0;0;0;1;"";"";"";"";1;2;5;0;0;2017;0;0;0;0;0,112;1;3;1;69;5850,0.1554
L,C,0;139270;139259;413998;"3b2a3e203a3a0519cdb065314d0263b5",0.1564;"                         motorway";"";10;0;0;0;1;1;0;0;0;0;0;0;0;0;3;3;3;3;0;0;0;0;0;0;0;0;0;0;0;0;0;0;0;0;1;"";"";"";"";1;2;5;0;0;2017;0;0;0;0;0,112;1;3;1;69;5850,0.136
L,C,1;139259;139216;413995;"29103aa92cb5c2911ef2b35445e6c2fe",0.7498;"                         motorway";"";10;0;0;0;1;1;0;0;0;0;0;0;0;0;3;3;3;3;0;0;0;0;0;0;0;0;0;0;0;0;0;0;0;0;1;"";"";"";"";1;2;5;0;0;2017;0;0;0;0;0,112;1;3;1;69;5850,0.652
L,C,2;139259;139219;413996;"8ab91066bff5617eac41d5af27efa9dc",0.5833;"                         motorway";"";10;0;0;0;1;1;0;0;0;0;0;0;0;0;1;1;1;1;0;0;0;0;0;0;0;0;0;0;0;0;0;0;0;0;1;"";"";"";"";1;2;5;0;0;2017;0;0;0;0;0,112;1;1;1;69;1950,0.5072
L,C,0;139259;139216;413995;"29103aa92cb5c2911ef2b35445e6c2fe";0.7498;"                         motorway";"";10;0;0;0;1;1;0;0;0;0;0;0;0;0;3;3;3;3;0;0;0;0;0;0;0;0;0;0;0;0;0;0;0;0;1;"";"";"";"";1;2;5;0;0;2017;0;0;0;0;0,0;1;3;1;69;5850;0.652
L,C,1;139219;139216;413982;"c74d29696e349852a1979a25eca026af",0.1385;"                         motorway";"";10;0;0;0;1;1;0;0;0;0;0;0;0;0;2;2;2;2;0;0;0;0;0;0;0;0;0;0;0;0;0;0;0;0;1;"";"";"";"";1;2;5;0;0;2017;0;0;0;0;0,112;1;2;1;69;3900,0.1204
L,C,2;139216;20894;413981;"ffe9ebc0c32578f6844d6f14627721cd",0.5359;"                         motorway";"";10;0;0;0;1;1;0;0;0;0;0;0;0;0;5;5;5;5;0;0;0;0;0;0;0;0;0;0;0;0;0;0;0;0;1;"";"";"";"";1;2;5;0;0;2017;0;0;0,112;0;0;1;5;1;69;9750,0.466
L,C,0;20894;20889;385818;"12b9c141fc139c5f250be1be4a75eed0",0.5093;"                         motorway";"";10;0;0;0;1;1;0;0;0;0;0;0;0;0;3;3;3;3;0;0;0;0;0;0;0;0;0;0;0;0;0;0;0;0;1;"";"";"";"";1;2;5;0;0;2017;0;0;0,112;0;0;1;3;1;69;5850,0.4429
L,C,1;20889;37481;385812;"1a1a24550d0dfe3d0f3464e42f2fd827",0.1776;"                         motorway";"";60;0;0;0;1;1;0;0;0;0;0;0;0;0;5;5;5;5;0;0;0;0;0;0;0;0;0;0;0;0;0;0;0;0;4;"";"";"";"";1;2;5;0;0;2017;0;0;0,112;0;0;13;5;13;42;7000,0.2536
L,C,2;139216;20894;413981;"ffe9ebc0c32578f6844d6f14627721cd";0.5359;"                         motorway";"";10;0;0;0;1;1;0;0;0;0;0;0;0;0;5;5;5;5;0;0;0;0;0;0;0;0;0;0;0;0;0;0;0;0;1;"";"";"";"";1;2;5;0;0;2017;0;0;0,0;0,112;1;5;1;69;9750;0.466
L,C,0;20894;20889;385818;"12b9c141fc139c5f250be1be4a75eed0";0.5093;"                         motorway";"";10;0;0;0;1;1;0;0;0;0;0;0;0;0;3;3;3;3;0;0;0;0;0;0;0;0;0;0;0;0;0;0;0;0;1;"";"";"";"";1;2;5;0;0;2017;0;0;0,0;0,112;1;3;1;69;5850;0.4429
L,C,1;20889;37481;385812;"1a1a24550d0dfe3d0f3464e42f2fd827";0.1776;"                         motorway";"";60;0;0;0;1;1;0;0;0;0;0;0;0;0;5;5;5;5;0;0;0;0;0;0;0;0;0;0;0;0;0;0;0;0;4;"";"";"";"";1;2;5;0;0;2017;0;0;0;112;0,112;13;5;13;42;7000;0.2536
L,C,2;37481;37486;390916;"a2593a10a8ce343c0555ff52f9e527a7",0.5278;"                         motorway";"";10;0;0;0;1;1;0;0;0;0;0;0;0;0;4;4;4;4;0;0;0;0;0;0;0;0;0;0;0;0;0;0;0;0;1;"";"";"";"";1;2;5;0;0;2017;0;0;0;0;0,112;1;4;1;69;7800,0.459
L,C,0;37486;35689;390918;"aefd50025ab2d80853f682f2de496d05",0.4009;"                         motorway";"";10;0;0;0;1;1;0;0;0;0;0;0;0;0;4;4;4;4;0;0;0;0;0;0;0;0;0;0;0;0;0;0;0;0;1;"";"";"";"";1;2;5;0;0;2017;0;0;0;0;0,112;1;4;1;69;7800,0.3486
L,C,1;35689;35726;390310;"a9d5094bffb0e4903cd30e244dfdb900",0.2081;"                         motorway";"";10;0;0;0;1;1;0;0;0;0;0;0;0;0;5;5;5;5;0;0;0;0;0;0;0;0;0;0;0;0;0;0;0;0;1;"";"";"";"";1;2;5;0;0;2017;0;0;0;0;0,112;1;5;1;69;9750,0.181
L,C,2;35726;35764;390338;"0dc764c1128f966eef11170b86c4e922",0.0461;"                         motorway";"";60;0;0;0;1;1;0;0;0;0;0;0;0;0;5;5;5;5;0;0;0;0;0;0;0;0;0;0;0;0;0;0;0;0;4;"";"";"";"";1;2;5;0;0;2017;0;0;0;0;0,112;13;5;13;42;7000,0.0658
L,C,0;35764;35763;390348;"692dacbfdd1266f810d3c9133972f080",0.2041;"                         motorway";"";10;0;0;0;1;1;0;0;0;0;0;0;0;0;5;5;5;5;0;0;0;0;0;0;0;0;0;0;0;0;0;0;0;0;1;"";"";"";"";1;2;5;0;0;2017;0;0;0;0;0,112;1;5;1;69;9750,0.1775
L,C,1;35763;36535;390347;"43445d00a1fca362de835556e549845e",0.3481;"                         motorway";"";10;0;0;0;1;1;0;0;0;0;0;0;0;0;4;4;4;4;0;0;0;0;0;0;0;0;0;0;0;0;0;0;0;0;1;"";"";"";"";1;3;5;0;0;2017;0;0;0;0;0,112;1;4;1;67;7800,0.3117
L,C,2;36535;36538;390588;"9407d41ef484fc04ea1f76f79e3636c0",0.4038;"                         motorway";"";10;0;0;0;1;1;0;0;0;0;0;0;0;0;4;4;4;4;0;0;0;0;0;0;0;0;0;0;0;0;0;0;0;0;1;"";"";"";"";1;3;5;0;0;2017;0;0;0;0;0,112;1;4;1;67;7800,0.3616
L,C,0;36538;38450;390590;"79cf5fd6ef00ac5cb064ddc124f07ef7",0.0795;"                         motorway";"";60;0;0;0;1;1;0;0;0;0;0;0;0;0;1;1;1;1;0;0;0;0;0;0;0;0;0;0;0;0;0;0;0;0;4;"";"";"";"";1;3;5;0;0;2017;0;0;0;0;0,112;13;1;13;40;1350,0.1193
L,C,1;38450;38465;391148;"14f9ba8fbb7d89d0cac9ae19cdfa7d58",0.619;"                         motorway";"";10;0;0;0;1;1;0;0;0;0;0;0;0;0;4;4;4;4;0;0;0;0;0;0;0;0;0;0;0;0;0;0;0;0;1;"";"";"";"";1;4;5;0;0;2017;0;0;0;0;0,112;1;4;1;64;7800,0.5803
L,C,2;38465;36959;391151;"0371c8cff4865e1a02387ee170ec25e2",0.3928;"                         motorway";"";10;0;0;0;1;1;0;0;0;0;0;0;0;0;1;1;1;1;0;0;0;0;0;0;0;0;0;0;0;0;0;0;0;0;1;"";"";"";"";1;4;5;0;0;2017;0;0;0;0;0,112;1;1;1;64;1950,0.3682
L,C,0;36959;36945;390699;"e8bdb119f9aec0ed9707c8371da27f17",0.5205;"                         motorway";"";10;0;0;0;1;1;0;0;0;0;0;0;0;0;4;4;4;4;0;0;0;0;0;0;0;0;0;0;0;0;0;0;0;0;1;"";"";"";"";1;4;5;0;0;2017;0;0;0;0;0,112;1;4;1;64;7800,0.488
L,C,1;36945;53818;390695;"67d4d95ae96f1738a7e06782a654c75b",0.1038;"                         motorway";"";10;0;0;0;1;1;0;0;0;0;0;0;0;0;5;5;5;5;0;0;0;0;0;0;0;0;0;0;0;0;0;0;0;0;1;"";"";"";"";1;4;5;0;0;2017;0;0;0;0;0,112;1;5;1;64;9750,0.0973
L,C,2;53818;131220;394123;"a5fac0710d173b49ac251f67699f1fb0",0.3253;"                         motorway";"";10;0;0;0;1;1;0;0;0;0;0;0;0;0;5;5;5;5;0;0;0;0;0;0;0;0;0;0;0;0;0;0;0;0;1;"";"";"";"";1;4;5;0;0;2017;0;0;0;0;0,112;1;5;1;64;9750,0.305
